{"meta": {"version": "7.3.2", "timestamp": "2026-09-08T22:25:51.110078", "branch_coverage": false, "show_contexts": false}, "files": {"src/__init__.py": {"executed_lines": [0], "summary": {"covered_lines": 0, "num_statements": 0, "percent_covered": 100.0, "percent_covered_display": "100", "missing_lines": 0, "excluded_lines": 0}, "missing_lines": [], "excluded_lines": []}, "src/common/__init__.py": {"executed_lines": [0], "summary": {"covered_lines": 0, "num_statements": 0, "percent_covered": 100.0, "percent_covered_display": "100", "missing_lines": 0, "excluded_lines": 0}, "missing_lines": [], "excluded_lines": []}, "src/common/amqp_rpc.py": {"executed_lines": [1, 4, 5, 9, 12], "summary": {"covered_lines": 3, "num_statements": 3, "percent_covered": 100.0, "percent_covered_display": "100", "missing_lines": 0, "excluded_lines": 0}, "missing_lines": [], "excluded_lines": []}, "src/common/api_crud_settings.py": {"executed_lines": [1, 6, 8, 9, 18], "summary": {"covered_lines": 3, "num_statements": 3, "percent_covered": 100.0, "percent_covered_display": "100", "missing_lines": 0, "excluded_lines": 0}, "missing_lines": [], "excluded_lines": []}, "src/common/api_crud_svc.py": {"executed_lines": [1, 6, 7, 8, 11, 16, 17, 29, 35, 36, 37, 40, 41, 44, 50, 51, 52, 54, 55, 56, 59, 60, 61, 62, 63, 64, 65, 66, 67, 69, 73, 74, 75, 76, 78, 79, 82, 84, 105, 115, 116, 121, 122, 125, 127, 128, 130, 136, 144, 150, 156, 164, 165, 166, 167, 169, 170, 171, 172, 174, 175, 178, 180, 189, 202, 203, 204, 206, 207, 211, 213, 220, 221, 222, 227, 228, 229, 231, 232, 234, 237, 238, 239, 241, 242, 246, 248, 257, 262, 267, 276, 287, 296, 304, 310, 311, 312, 316, 317, 320, 322, 324, 326, 328, 329, 330, 331, 336, 338, 340, 342, 343, 348, 353, 361, 377, 409, 423, 439], "summary": {"covered_lines": 111, "num_statements": 191, "percent_covered": 58.1151832460733, "percent_covered_display": "58", "missing_lines": 80, "excluded_lines": 0}, "missing_lines": [18, 19, 20, 21, 22, 23, 24, 25, 26, 53, 57, 80, 81, 88, 89, 91, 92, 93, 94, 95, 97, 98, 99, 100, 101, 106, 107, 108, 109, 110, 111, 112, 117, 118, 119, 205, 223, 224, 225, 230, 240, 313, 349, 351, 354, 362, 366, 368, 369, 371, 378, 390, 391, 392, 401, 403, 410, 415, 421, 426, 431, 433, 440, 441, 442, 443, 444, 445, 446, 447, 448, 449, 450, 451, 452, 453, 454, 455, 456, 458], "excluded_lines": []}, "src/common/app_svc.py": {"executed_lines": [1, 4, 6, 7, 8, 11, 12, 24, 25, 26, 28, 31, 33, 34, 35, 36, 37, 38, 39, 40, 50, 52, 56, 64, 67, 70, 73, 76, 79, 82], "summary": {"covered_lines": 28, "num_statements": 48, "percent_covered": 58.333333333333336, "percent_covered_display": "58", "missing_lines": 20, "excluded_lines": 0}, "missing_lines": [29, 42, 43, 44, 45, 46, 47, 48, 54, 57, 58, 59, 60, 65, 68, 71, 74, 77, 80, 83], "excluded_lines": []}, "src/common/app_svc_settings.py": {"executed_lines": [1, 10, 12, 15], "summary": {"covered_lines": 3, "num_statements": 3, "percent_covered": 100.0, "percent_covered_display": "100", "missing_lines": 0, "excluded_lines": 0}, "missing_lines": [], "excluded_lines": []}, "src/common/authorization.py": {"executed_lines": [1, 13, 15, 16, 17, 18, 19, 20, 22, 23, 24, 27, 30, 33, 34, 37, 38, 39, 41, 42, 43, 44, 45, 46, 49, 50, 51, 57, 58, 59, 62, 63, 65, 68, 72, 73, 75, 76, 78, 79, 82, 83, 85, 95, 98, 101, 104, 107, 114, 117, 120, 123, 131, 132, 135, 138, 139, 145, 146, 148, 149, 153, 154, 160, 163, 168, 169, 170, 172, 173, 175, 177, 178, 179, 182, 193, 201, 202, 203, 207, 210, 224, 225, 226, 229, 240, 241, 242, 243, 245, 248, 259, 270], "summary": {"covered_lines": 87, "num_statements": 97, "percent_covered": 89.69072164948453, "percent_covered_display": "90", "missing_lines": 10, "excluded_lines": 0}, "missing_lines": [88, 89, 90, 92, 140, 150, 151, 155, 227, 244], "excluded_lines": []}, "src/common/base_cache.py": {"executed_lines": [1, 2, 4, 6, 7, 20, 21, 26, 27, 42, 43, 48, 49, 55, 56, 62, 63, 69, 70, 75, 76], "summary": {"covered_lines": 20, "num_statements": 28, "percent_covered": 71.42857142857143, "percent_covered_display": "71", "missing_lines": 8, "excluded_lines": 0}, "missing_lines": [24, 40, 46, 53, 60, 67, 73, 79], "excluded_lines": []}, "src/common/base_svc.py": {"executed_lines": [1, 4, 5, 6, 7, 8, 9, 10, 11, 13, 14, 15, 16, 18, 19, 20, 21, 22, 23, 31, 33, 35, 36, 39, 41, 42, 43, 51, 53, 56, 57, 60, 62, 63, 65, 67, 69, 70, 71, 72, 73, 74, 75, 93, 94, 95, 97, 99, 102, 103, 104, 106, 121, 134, 286, 343, 387, 393, 397, 452, 461, 465], "summary": {"covered_lines": 61, "num_statements": 200, "percent_covered": 30.5, "percent_covered_display": "30", "missing_lines": 139, "excluded_lines": 0}, "missing_lines": [37, 54, 58, 100, 119, 132, 147, 148, 150, 151, 153, 154, 155, 156, 157, 159, 160, 161, 162, 163, 164, 165, 166, 167, 168, 169, 171, 179, 180, 185, 186, 187, 193, 194, 200, 208, 210, 212, 221, 222, 223, 224, 225, 226, 227, 229, 231, 232, 233, 234, 235, 239, 240, 253, 255, 256, 257, 258, 259, 260, 261, 262, 263, 264, 265, 271, 279, 280, 284, 302, 303, 304, 305, 306, 307, 308, 309, 310, 311, 318, 326, 327, 328, 329, 330, 331, 333, 334, 336, 337, 338, 339, 340, 341, 346, 347, 349, 350, 351, 354, 358, 359, 360, 368, 369, 374, 380, 381, 382, 383, 390, 394, 395, 415, 416, 417, 419, 420, 421, 422, 424, 429, 430, 431, 433, 436, 441, 443, 445, 447, 448, 449, 450, 457, 458, 459, 463, 470, 471], "excluded_lines": []}, "src/common/base_svc_settings.py": {"executed_lines": [1, 10, 12, 13, 14, 15, 16, 17, 22, 24, 27, 28, 29, 33, 34, 38, 41, 43, 44, 46, 47, 50, 53, 56, 58, 61, 64, 65, 74, 80, 87, 88, 96, 103], "summary": {"covered_lines": 33, "num_statements": 36, "percent_covered": 91.66666666666667, "percent_covered_display": "92", "missing_lines": 3, "excluded_lines": 0}, "missing_lines": [32, 36, 54], "excluded_lines": []}, "src/common/cache.py": {"executed_lines": [], "summary": {"covered_lines": 0, "num_statements": 46, "percent_covered": 0.0, "percent_covered_display": "0", "missing_lines": 46, "excluded_lines": 0}, "missing_lines": [1, 2, 3, 4, 6, 10, 12, 13, 14, 16, 17, 19, 20, 22, 23, 25, 27, 29, 31, 32, 33, 34, 36, 37, 38, 40, 41, 42, 43, 44, 46, 48, 49, 51, 53, 59, 61, 63, 64, 65, 66, 67, 69, 72, 73, 76], "excluded_lines": []}, "src/common/consts.py": {"executed_lines": [1, 3, 4, 5, 7, 9, 11, 12, 19, 20, 21, 22, 23, 25, 26, 27, 28, 29, 30, 32, 33, 37, 38], "summary": {"covered_lines": 22, "num_statements": 23, "percent_covered": 95.65217391304348, "percent_covered_display": "96", "missing_lines": 1, "excluded_lines": 0}, "missing_lines": [13], "excluded_lines": []}, "src/common/hierarchy.py": {"executed_lines": [3, 4, 5, 7, 9, 10, 11, 12, 13, 15, 16, 17, 20, 28, 29, 32, 33, 34, 35, 36, 37, 38, 39, 40, 41, 42, 43, 44, 45, 47, 48, 49, 50, 51, 54, 59, 60, 61, 62, 67, 70, 71, 80, 81, 82, 83, 84, 86, 104, 130, 149, 171, 172, 201, 351, 399, 407, 462, 478, 504, 545, 570, 571, 572, 573, 579, 580, 581, 582, 584], "summary": {"covered_lines": 69, "num_statements": 261, "percent_covered": 26.436781609195403, "percent_covered_display": "26", "missing_lines": 192, "excluded_lines": 0}, "missing_lines": [30, 66, 96, 97, 99, 100, 102, 118, 119, 121, 122, 123, 125, 126, 128, 142, 143, 144, 145, 147, 157, 159, 168, 169, 185, 186, 187, 188, 189, 190, 191, 192, 193, 195, 197, 199, 269, 270, 272, 273, 274, 275, 277, 278, 279, 281, 283, 285, 286, 288, 289, 291, 293, 294, 295, 297, 298, 300, 302, 303, 304, 305, 307, 308, 309, 310, 312, 314, 316, 317, 319, 320, 321, 326, 327, 329, 330, 331, 334, 336, 337, 338, 339, 341, 342, 343, 344, 346, 347, 349, 361, 362, 363, 367, 368, 370, 371, 372, 373, 375, 376, 377, 379, 381, 382, 383, 384, 385, 387, 389, 390, 391, 397, 400, 401, 420, 421, 422, 423, 425, 427, 429, 430, 433, 434, 435, 436, 437, 438, 439, 440, 442, 444, 445, 446, 447, 448, 450, 451, 452, 454, 455, 456, 457, 458, 460, 470, 471, 473, 475, 476, 484, 485, 487, 489, 490, 491, 492, 494, 496, 497, 498, 500, 502, 517, 519, 520, 521, 522, 524, 525, 527, 529, 530, 531, 534, 536, 537, 538, 540, 541, 543, 557, 558, 560, 561, 563, 564, 565, 566, 567, 568], "excluded_lines": []}, "src/common/json_rpc_sanitize.py": {"executed_lines": [1, 3, 5, 6, 7, 10, 12, 14, 16, 17, 18, 20, 21, 22, 24, 25, 26, 27, 28, 29, 30, 31, 43, 45, 46, 47, 48, 49, 50, 51, 52, 53, 54], "summary": {"covered_lines": 32, "num_statements": 57, "percent_covered": 56.14035087719298, "percent_covered_display": "56", "missing_lines": 25, "excluded_lines": 0}, "missing_lines": [13, 15, 19, 23, 32, 33, 34, 35, 36, 37, 38, 39, 40, 55, 56, 57, 58, 59, 60, 61, 62, 63, 64, 65, 66], "excluded_lines": []}, "src/common/jsonata_eval.py": {"executed_lines": [1, 2, 4, 5, 6, 10, 16, 17, 18, 19, 20, 21, 23, 24, 25, 27, 28, 29, 32, 33, 34, 40, 41, 43, 44, 45, 48, 49, 50, 51, 52, 54], "summary": {"covered_lines": 31, "num_statements": 36, "percent_covered": 86.11111111111111, "percent_covered_display": "86", "missing_lines": 5, "excluded_lines": 0}, "missing_lines": [26, 35, 36, 46, 53], "excluded_lines": []}, "src/common/local_cache.py": {"executed_lines": [], "summary": {"covered_lines": 0, "num_statements": 92, "percent_covered": 0.0, "percent_covered_display": "0", "missing_lines": 92, "excluded_lines": 0}, "missing_lines": [1, 2, 4, 6, 7, 8, 10, 11, 12, 13, 14, 16, 18, 19, 21, 22, 23, 24, 25, 26, 29, 30, 32, 33, 34, 36, 38, 39, 40, 41, 43, 44, 47, 48, 50, 51, 52, 54, 56, 57, 58, 59, 60, 62, 64, 66, 68, 75, 77, 90, 91, 92, 93, 95, 97, 100, 109, 111, 112, 113, 115, 116, 117, 118, 119, 121, 125, 126, 128, 129, 130, 131, 132, 134, 138, 140, 141, 142, 143, 144, 146, 150, 151, 153, 156, 157, 158, 160, 162, 163, 165, 166], "excluded_lines": []}, "src/common/logger.py": {"executed_lines": [6, 7, 8, 9, 10, 11, 12, 13, 14, 16, 19, 20, 22, 23, 24, 25, 26, 28, 29, 37, 38, 39, 40, 41, 42, 43, 44, 47, 54, 55, 56, 57, 59, 60, 61, 63, 64, 88, 89, 111, 112, 116, 117, 126, 143, 144, 159, 160, 173, 174, 176, 178, 187, 188, 193, 194, 202, 211, 220, 221, 222, 226, 227, 229, 232, 233], "summary": {"covered_lines": 64, "num_statements": 115, "percent_covered": 55.65217391304348, "percent_covered_display": "56", "missing_lines": 51, "excluded_lines": 0}, "missing_lines": [30, 31, 32, 33, 34, 35, 46, 65, 66, 67, 68, 69, 70, 71, 81, 86, 90, 91, 92, 93, 94, 95, 96, 98, 99, 100, 101, 102, 103, 104, 105, 106, 107, 108, 109, 113, 114, 127, 128, 129, 130, 132, 133, 134, 135, 137, 138, 234, 235, 236, 237], "excluded_lines": []}, "src/common/model_copy.py": {"executed_lines": [1, 5, 7, 8, 9, 10, 11, 12, 14, 16, 18, 20, 22, 87, 91, 104, 106, 107, 108, 109, 110, 111, 112, 113, 123, 126, 128, 129, 130, 131, 132, 133, 134, 135, 136, 139, 145, 146, 148, 149, 150, 152, 153, 161, 162, 163, 164, 165, 166, 168, 169, 174, 179, 210, 213, 214, 215, 216, 218, 219, 220, 221, 223, 224, 225, 226, 227, 228, 229, 230, 231, 234, 237, 238, 240, 241, 242, 243, 245, 246, 249, 263, 294, 319, 419, 438, 468, 505, 526, 542, 643, 745, 765], "summary": {"covered_lines": 92, "num_statements": 415, "percent_covered": 22.16867469879518, "percent_covered_display": "22", "missing_lines": 323, "excluded_lines": 0}, "missing_lines": [114, 115, 116, 117, 118, 119, 120, 121, 122, 147, 170, 171, 175, 176, 181, 182, 183, 184, 185, 186, 187, 188, 189, 190, 191, 192, 193, 194, 195, 196, 197, 198, 200, 201, 202, 204, 205, 206, 207, 217, 222, 232, 239, 251, 260, 268, 269, 270, 271, 272, 273, 275, 276, 277, 279, 280, 281, 282, 283, 284, 285, 287, 288, 289, 290, 291, 295, 296, 297, 299, 305, 306, 308, 314, 315, 316, 333, 340, 341, 342, 343, 344, 346, 347, 348, 349, 350, 351, 352, 355, 356, 357, 360, 361, 362, 363, 364, 365, 367, 376, 377, 384, 385, 386, 387, 388, 390, 398, 399, 400, 403, 405, 406, 407, 413, 414, 416, 420, 421, 422, 423, 424, 425, 426, 427, 428, 429, 430, 431, 432, 433, 434, 435, 440, 441, 442, 443, 444, 445, 446, 447, 448, 449, 451, 452, 453, 454, 455, 456, 457, 458, 459, 461, 462, 463, 464, 465, 471, 480, 481, 482, 483, 484, 493, 494, 495, 496, 502, 510, 511, 512, 513, 514, 515, 516, 517, 518, 519, 520, 521, 522, 523, 527, 528, 529, 530, 539, 551, 552, 553, 554, 555, 556, 557, 559, 560, 561, 562, 563, 574, 575, 576, 577, 578, 579, 580, 581, 582, 583, 584, 585, 586, 587, 588, 589, 590, 591, 592, 594, 603, 604, 605, 606, 607, 608, 609, 610, 615, 617, 618, 619, 620, 629, 630, 635, 636, 652, 653, 654, 661, 662, 663, 664, 666, 668, 670, 680, 681, 683, 684, 685, 686, 687, 688, 689, 690, 691, 692, 693, 694, 695, 696, 697, 698, 699, 700, 701, 702, 703, 704, 705, 707, 708, 709, 715, 725, 726, 727, 729, 730, 732, 733, 734, 735, 742, 748, 749, 750, 751, 752, 753, 754, 755, 756, 757, 758, 759, 760, 762, 774, 775, 776, 777, 780, 781, 782, 783, 784, 785, 786, 787, 788, 791, 792, 793, 794, 795, 796, 797, 803, 804, 805, 806], "excluded_lines": []}, "src/common/model_crud_settings.py": {"executed_lines": [1, 6, 8, 11], "summary": {"covered_lines": 3, "num_statements": 3, "percent_covered": 100.0, "percent_covered_display": "100", "missing_lines": 0, "excluded_lines": 0}, "missing_lines": [], "excluded_lines": []}, "src/common/model_crud_svc.py": {"executed_lines": [1, 8, 9, 10, 11, 13, 15, 16, 17, 19, 20, 169, 170, 172, 173, 174, 175, 176, 180, 181, 188, 319, 330, 496, 508, 659, 665, 798, 812, 845, 869], "summary": {"covered_lines": 29, "num_statements": 269, "percent_covered": 10.780669144981413, "percent_covered_display": "11", "missing_lines": 240, "excluded_lines": 0}, "missing_lines": [195, 197, 198, 199, 200, 206, 208, 209, 210, 211, 212, 218, 220, 222, 223, 224, 225, 226, 227, 233, 235, 236, 237, 238, 244, 246, 253, 254, 255, 256, 262, 265, 270, 273, 275, 280, 281, 282, 283, 284, 285, 286, 292, 294, 295, 297, 298, 299, 300, 301, 302, 309, 315, 317, 338, 339, 340, 342, 344, 345, 346, 347, 353, 355, 356, 357, 358, 359, 365, 367, 371, 377, 379, 381, 382, 383, 384, 390, 393, 394, 405, 406, 407, 408, 410, 412, 413, 414, 418, 419, 420, 421, 429, 436, 437, 438, 439, 440, 442, 443, 444, 445, 451, 453, 454, 464, 466, 467, 468, 469, 470, 471, 472, 474, 476, 477, 478, 479, 483, 484, 490, 492, 494, 551, 557, 558, 559, 560, 562, 563, 564, 565, 566, 568, 569, 570, 571, 572, 574, 576, 577, 579, 583, 585, 586, 587, 588, 590, 591, 593, 594, 595, 596, 597, 598, 599, 601, 602, 603, 604, 610, 612, 613, 614, 615, 616, 622, 624, 625, 627, 628, 630, 631, 632, 633, 634, 636, 637, 642, 645, 646, 647, 648, 650, 651, 652, 653, 654, 656, 657, 663, 694, 695, 696, 697, 698, 699, 707, 712, 714, 715, 723, 728, 730, 731, 735, 737, 753, 754, 758, 759, 766, 768, 769, 777, 780, 783, 786, 788, 790, 796, 831, 832, 834, 835, 837, 838, 839, 841, 843, 849, 850, 852, 859, 860, 864, 866, 867, 874, 875], "excluded_lines": []}, "src/common/redis_cache.py": {"executed_lines": [1, 2, 3, 5, 7, 12, 15, 23, 42, 52, 63, 74, 85, 94, 97], "summary": {"covered_lines": 15, "num_statements": 56, "percent_covered": 26.785714285714285, "percent_covered_display": "27", "missing_lines": 41, "excluded_lines": 0}, "missing_lines": [8, 9, 10, 13, 16, 17, 18, 20, 21, 35, 36, 37, 39, 40, 45, 46, 47, 49, 50, 56, 57, 58, 60, 61, 67, 68, 69, 71, 72, 78, 79, 80, 82, 83, 88, 89, 90, 91, 92, 95, 98], "excluded_lines": []}, "src/common/runtime_flags.py": {"executed_lines": [1, 6, 9], "summary": {"covered_lines": 2, "num_statements": 3, "percent_covered": 66.66666666666667, "percent_covered_display": "67", "missing_lines": 1, "excluded_lines": 0}, "missing_lines": [11], "excluded_lines": []}, "src/common/svc.py": {"executed_lines": [1, 4, 5, 7, 8, 9, 12, 13, 25, 26, 27, 29, 63], "summary": {"covered_lines": 11, "num_statements": 29, "percent_covered": 37.93103448275862, "percent_covered_display": "38", "missing_lines": 18, "excluded_lines": 0}, "missing_lines": [44, 45, 46, 47, 48, 49, 50, 51, 52, 53, 55, 56, 57, 59, 60, 61, 64, 65], "excluded_lines": []}, "src/common/svc_settings.py": {"executed_lines": [1, 10, 12, 15], "summary": {"covered_lines": 3, "num_statements": 3, "percent_covered": 100.0, "percent_covered_display": "100", "missing_lines": 0, "excluded_lines": 0}, "missing_lines": [], "excluded_lines": []}, "src/common/tag_data_points.py": {"executed_lines": [1, 3, 5, 8, 19, 22, 26, 29, 30, 31, 32, 34, 35, 36, 37, 42, 49, 50, 51, 53, 55, 56, 57, 60, 62, 63, 64, 65, 68], "summary": {"covered_lines": 29, "num_statements": 37, "percent_covered": 78.37837837837837, "percent_covered_display": "78", "missing_lines": 8, "excluded_lines": 0}, "missing_lines": [20, 24, 27, 33, 39, 52, 54, 67], "excluded_lines": []}, "src/common/tag_max_line_dev.py": {"executed_lines": [1, 11, 13, 14, 15, 16, 18, 21, 23, 24, 25, 26, 27, 28, 29, 30, 31, 32, 35, 36, 38, 40, 41, 42, 43, 66, 67, 70, 71, 73, 74, 75, 80, 83, 84, 89, 91, 92, 93, 94, 95, 96, 98, 99, 100, 101, 104, 118, 119, 120, 121, 123, 124, 126, 127, 128, 129, 131, 132, 137, 146, 151, 159, 160, 161, 162, 163, 164, 165, 166, 169, 170, 171, 174, 175, 176, 177, 178, 179, 182, 190, 193], "summary": {"covered_lines": 81, "num_statements": 112, "percent_covered": 72.32142857142857, "percent_covered_display": "72", "missing_lines": 31, "excluded_lines": 0}, "missing_lines": [37, 39, 44, 45, 46, 47, 48, 49, 50, 51, 52, 53, 54, 55, 56, 57, 58, 59, 60, 61, 62, 63, 72, 76, 77, 78, 79, 97, 134, 167, 168], "excluded_lines": []}, "src/common/tag_quality_codes.py": {"executed_lines": [1, 8, 11, 15, 19, 23], "summary": {"covered_lines": 5, "num_statements": 5, "percent_covered": 100.0, "percent_covered_display": "100", "missing_lines": 0, "excluded_lines": 0}, "missing_lines": [], "excluded_lines": []}, "src/common/times.py": {"executed_lines": [1, 2, 3, 4, 5, 10, 11, 14, 19, 20, 22, 23, 25, 28, 30, 33, 45, 46, 47, 48, 49, 50, 51, 54, 55, 56, 59, 61, 62, 67, 69, 74, 81, 85], "summary": {"covered_lines": 34, "num_statements": 51, "percent_covered": 66.66666666666667, "percent_covered_display": "67", "missing_lines": 17, "excluded_lines": 0}, "missing_lines": [21, 24, 26, 27, 29, 52, 57, 63, 65, 70, 71, 72, 75, 76, 77, 78, 79], "excluded_lines": []}, "src/common/virtual_method_lookup.py": {"executed_lines": [1, 3, 5, 8, 11], "summary": {"covered_lines": 4, "num_statements": 27, "percent_covered": 14.814814814814815, "percent_covered_display": "15", "missing_lines": 23, "excluded_lines": 0}, "missing_lines": [13, 19, 20, 21, 22, 23, 24, 25, 26, 27, 28, 29, 30, 31, 32, 33, 34, 35, 36, 37, 38, 39, 40], "excluded_lines": []}, "src/mcp_server/__init__.py": {"executed_lines": [1], "summary": {"covered_lines": 0, "num_statements": 0, "percent_covered": 100.0, "percent_covered_display": "100", "missing_lines": 0, "excluded_lines": 0}, "missing_lines": [], "excluded_lines": []}, "src/mcp_server/payloads.py": {"executed_lines": [1, 3, 5, 6, 9, 10, 11, 12, 13, 14, 15, 16, 20, 21, 23, 24, 25, 28, 29, 32, 33, 34, 36, 37, 39, 42, 44, 45, 46, 47, 48, 49, 51, 52, 53, 54, 55, 56, 57, 59, 60, 62, 63, 64, 66, 69, 70, 72, 73, 74, 77, 92, 95, 96, 97, 98, 99, 100, 102, 104, 105, 106, 107, 108, 109, 110, 113, 114, 115, 116, 117, 118, 121, 122, 123, 126, 127, 128, 129, 130, 131, 132, 133, 136, 137, 139, 140, 141, 142, 144, 146, 147, 148, 150, 152, 153, 154, 156, 159, 160, 162, 166, 168, 170, 172, 175, 176, 180, 181, 182, 185, 192, 194, 199, 201, 203, 209, 210, 212, 213, 214, 215, 222, 229, 230, 231, 232, 233, 234, 235, 236, 239, 249, 256, 257, 258, 260, 266, 269, 280, 284, 285, 286, 287, 288, 289, 290, 291, 293, 299, 300, 302, 305, 306, 308, 309, 310, 311, 312, 313, 314, 316, 317, 318, 319, 320, 321, 322, 323, 324, 325, 327, 329, 332, 341, 344, 345, 346, 348, 354, 358, 360, 363, 373, 374, 376, 378, 380, 390, 391, 393, 394, 395, 396, 397, 400, 401, 402, 403, 404, 405, 406], "summary": {"covered_lines": 201, "num_statements": 264, "percent_covered": 76.13636363636364, "percent_covered_display": "76", "missing_lines": 63, "excluded_lines": 0}, "missing_lines": [17, 22, 35, 38, 50, 58, 71, 101, 103, 120, 138, 143, 145, 149, 151, 155, 161, 167, 169, 171, 177, 178, 179, 193, 200, 202, 211, 259, 261, 262, 263, 264, 265, 292, 294, 295, 296, 297, 298, 301, 307, 326, 328, 347, 349, 350, 351, 352, 353, 359, 375, 377, 379, 381, 382, 383, 384, 385, 386, 387, 388, 389, 392], "excluded_lines": []}, "src/mcp_server/server.py": {"executed_lines": [], "summary": {"covered_lines": 0, "num_statements": 364, "percent_covered": 0.0, "percent_covered_display": "0", "missing_lines": 364, "excluded_lines": 0}, "missing_lines": [1, 2, 3, 5, 6, 7, 8, 10, 28, 39, 40, 41, 44, 45, 46, 48, 49, 50, 51, 52, 53, 54, 55, 56, 57, 60, 61, 62, 64, 66, 74, 75, 76, 77, 78, 79, 80, 81, 82, 83, 86, 87, 88, 91, 94, 101, 102, 103, 104, 105, 108, 109, 110, 111, 112, 113, 114, 122, 123, 124, 127, 128, 129, 142, 143, 148, 151, 153, 159, 160, 161, 162, 163, 164, 165, 166, 167, 168, 169, 170, 171, 174, 175, 197, 202, 203, 204, 205, 206, 207, 208, 210, 211, 216, 219, 220, 236, 237, 238, 239, 240, 241, 242, 243, 244, 246, 247, 252, 253, 256, 257, 259, 260, 263, 264, 278, 283, 284, 285, 286, 287, 288, 289, 291, 292, 294, 297, 298, 315, 316, 317, 318, 319, 320, 321, 322, 323, 324, 325, 328, 329, 356, 357, 358, 359, 361, 362, 363, 364, 365, 367, 368, 369, 370, 371, 373, 374, 380, 381, 382, 383, 384, 387, 388, 389, 390, 391, 392, 393, 394, 395, 396, 397, 398, 400, 401, 402, 403, 404, 406, 407, 416, 417, 418, 419, 420, 421, 422, 425, 426, 427, 428, 429, 430, 431, 432, 433, 435, 437, 438, 439, 440, 441, 442, 443, 444, 445, 447, 448, 461, 462, 467, 468, 469, 472, 473, 481, 484, 485, 487, 490, 491, 493, 496, 497, 518, 522, 523, 524, 525, 526, 527, 528, 532, 533, 534, 535, 536, 539, 540, 557, 569, 570, 575, 582, 583, 594, 601, 602, 612, 619, 620, 630, 637, 638, 657, 672, 673, 688, 693, 694, 695, 698, 699, 705, 706, 707, 708, 711, 712, 729, 743, 744, 758, 773, 774, 784, 795, 796, 806, 813, 814, 819, 826, 827, 832, 839, 840, 845, 852, 853, 871, 887, 888, 910, 913, 914, 915, 921, 922, 923, 925, 926, 937, 939, 940, 960, 965, 966, 967, 968, 969, 970, 971, 972, 974, 978, 979, 980, 982, 983, 990, 992, 993, 1008, 1009, 1010, 1011, 1012, 1013, 1014, 1015, 1016, 1017, 1018, 1019, 1020, 1021, 1022, 1023, 1024, 1026, 1030, 1031, 1032, 1033, 1034, 1036, 1037, 1049, 1054, 1058, 1061, 1062, 1071, 1074, 1075, 1082, 1085, 1088, 1089, 1091, 1094, 1095], "excluded_lines": []}, "src/services/__init__.py": {"executed_lines": [0], "summary": {"covered_lines": 0, "num_statements": 0, "percent_covered": 100.0, "percent_covered_display": "100", "missing_lines": 0, "excluded_lines": 0}, "missing_lines": [], "excluded_lines": []}, "src/services/alerts/__init__.py": {"executed_lines": [], "summary": {"covered_lines": 0, "num_statements": 0, "percent_covered": 100.0, "percent_covered_display": "100", "missing_lines": 0, "excluded_lines": 0}, "missing_lines": [], "excluded_lines": []}, "src/services/alerts/api_crud/__init__.py": {"executed_lines": [], "summary": {"covered_lines": 0, "num_statements": 0, "percent_covered": 100.0, "percent_covered_display": "100", "missing_lines": 0, "excluded_lines": 0}, "missing_lines": [], "excluded_lines": []}, "src/services/alerts/api_crud/alerts_api_crud_settings.py": {"executed_lines": [], "summary": {"covered_lines": 0, "num_statements": 4, "percent_covered": 0.0, "percent_covered_display": "0", "missing_lines": 4, "excluded_lines": 0}, "missing_lines": [1, 3, 6, 7], "excluded_lines": []}, "src/services/alerts/api_crud/alerts_api_crud_svc.py": {"executed_lines": [], "summary": {"covered_lines": 0, "num_statements": 124, "percent_covered": 0.0, "percent_covered_display": "0", "missing_lines": 124, "excluded_lines": 0}, "missing_lines": [4, 5, 6, 7, 8, 10, 12, 13, 14, 16, 17, 18, 19, 24, 25, 26, 28, 29, 48, 55, 56, 57, 58, 59, 61, 62, 64, 65, 67, 68, 70, 71, 73, 74, 75, 77, 78, 79, 80, 82, 93, 94, 96, 97, 99, 100, 101, 103, 105, 107, 109, 110, 154, 155, 156, 157, 158, 159, 160, 161, 162, 163, 168, 173, 174, 175, 176, 177, 178, 179, 180, 181, 182, 184, 185, 186, 188, 189, 190, 191, 192, 193, 194, 195, 196, 197, 202, 207, 208, 210, 211, 279, 280, 282, 288, 289, 290, 291, 292, 293, 294, 295, 296, 297, 298, 299, 301, 302, 322, 323, 324, 325, 326, 327, 328, 330, 331, 332, 334, 335, 353, 354, 355, 357], "excluded_lines": []}, "src/services/alerts/app/__init__.py": {"executed_lines": [], "summary": {"covered_lines": 0, "num_statements": 0, "percent_covered": 100.0, "percent_covered_display": "100", "missing_lines": 0, "excluded_lines": 0}, "missing_lines": [], "excluded_lines": []}, "src/services/alerts/app/alerts_app_settings.py": {"executed_lines": [], "summary": {"covered_lines": 0, "num_statements": 4, "percent_covered": 0.0, "percent_covered_display": "0", "missing_lines": 4, "excluded_lines": 0}, "missing_lines": [1, 3, 6, 8], "excluded_lines": []}, "src/services/alerts/app/alerts_app_svc.py": {"executed_lines": [], "summary": {"covered_lines": 0, "num_statements": 163, "percent_covered": 0.0, "percent_covered_display": "0", "missing_lines": 163, "excluded_lines": 0}, "missing_lines": [5, 6, 8, 10, 11, 12, 13, 15, 19, 20, 22, 23, 24, 25, 26, 28, 29, 31, 35, 36, 38, 41, 42, 50, 52, 53, 54, 55, 56, 57, 58, 59, 61, 63, 64, 65, 67, 76, 77, 78, 80, 82, 83, 84, 86, 89, 91, 95, 96, 97, 98, 99, 101, 103, 104, 105, 106, 108, 111, 112, 113, 115, 116, 117, 118, 121, 122, 124, 136, 137, 142, 146, 151, 152, 153, 155, 156, 158, 159, 161, 177, 179, 189, 190, 193, 194, 195, 196, 197, 198, 200, 201, 203, 212, 215, 217, 226, 227, 228, 229, 231, 232, 233, 235, 236, 237, 239, 240, 241, 243, 244, 246, 255, 270, 271, 273, 274, 283, 285, 287, 288, 289, 290, 294, 295, 296, 298, 301, 302, 303, 304, 305, 307, 312, 314, 316, 318, 319, 327, 329, 330, 338, 341, 342, 350, 351, 353, 358, 360, 361, 368, 369, 370, 371, 373, 374, 378, 379, 380, 381, 382, 384, 386], "excluded_lines": []}, "src/services/alerts/app_api/__init__.py": {"executed_lines": [], "summary": {"covered_lines": 0, "num_statements": 0, "percent_covered": 100.0, "percent_covered_display": "100", "missing_lines": 0, "excluded_lines": 0}, "missing_lines": [], "excluded_lines": []}, "src/services/alerts/app_api/alerts_app_api_settings.py": {"executed_lines": [], "summary": {"covered_lines": 0, "num_statements": 4, "percent_covered": 0.0, "percent_covered_display": "0", "missing_lines": 4, "excluded_lines": 0}, "missing_lines": [1, 3, 6, 8], "excluded_lines": []}, "src/services/alerts/app_api/alerts_app_api_svc.py": {"executed_lines": [], "summary": {"covered_lines": 0, "num_statements": 84, "percent_covered": 0.0, "percent_covered_display": "0", "missing_lines": 84, "excluded_lines": 0}, "missing_lines": [5, 6, 7, 11, 13, 15, 16, 17, 18, 19, 21, 33, 35, 36, 37, 38, 40, 41, 42, 43, 44, 46, 48, 49, 50, 51, 53, 55, 57, 58, 59, 60, 61, 62, 64, 66, 68, 69, 71, 72, 73, 74, 75, 76, 77, 84, 85, 86, 87, 89, 100, 101, 103, 105, 106, 112, 117, 118, 119, 120, 121, 123, 125, 126, 127, 133, 139, 141, 143, 145, 146, 153, 154, 156, 161, 162, 163, 165, 166, 168, 169, 170, 172, 213], "excluded_lines": []}, "src/services/alerts/model_crud/__init__.py": {"executed_lines": [], "summary": {"covered_lines": 0, "num_statements": 0, "percent_covered": 100.0, "percent_covered_display": "100", "missing_lines": 0, "excluded_lines": 0}, "missing_lines": [], "excluded_lines": []}, "src/services/alerts/model_crud/alerts_model_crud_settings.py": {"executed_lines": [], "summary": {"covered_lines": 0, "num_statements": 4, "percent_covered": 0.0, "percent_covered_display": "0", "missing_lines": 4, "excluded_lines": 0}, "missing_lines": [1, 3, 5, 7], "excluded_lines": []}, "src/services/alerts/model_crud/alerts_model_crud_svc.py": {"executed_lines": [], "summary": {"covered_lines": 0, "num_statements": 23, "percent_covered": 0.0, "percent_covered_display": "0", "missing_lines": 23, "excluded_lines": 0}, "missing_lines": [1, 3, 5, 6, 7, 9, 20, 21, 23, 24, 25, 27, 28, 29, 30, 31, 32, 33, 34, 35, 36, 45, 47], "excluded_lines": []}, "src/services/connectors/__init__.py": {"executed_lines": [0], "summary": {"covered_lines": 0, "num_statements": 0, "percent_covered": 100.0, "percent_covered_display": "100", "missing_lines": 0, "excluded_lines": 0}, "missing_lines": [], "excluded_lines": []}, "src/services/connectors/api_crud/__init__.py": {"executed_lines": [], "summary": {"covered_lines": 0, "num_statements": 0, "percent_covered": 100.0, "percent_covered_display": "100", "missing_lines": 0, "excluded_lines": 0}, "missing_lines": [], "excluded_lines": []}, "src/services/connectors/api_crud/connectors_api_crud_settings.py": {"executed_lines": [], "summary": {"covered_lines": 0, "num_statements": 4, "percent_covered": 0.0, "percent_covered_display": "0", "missing_lines": 4, "excluded_lines": 0}, "missing_lines": [1, 3, 6, 8], "excluded_lines": []}, "src/services/connectors/api_crud/connectors_api_crud_svc.py": {"executed_lines": [], "summary": {"covered_lines": 0, "num_statements": 149, "percent_covered": 0.0, "percent_covered_display": "0", "missing_lines": 149, "excluded_lines": 0}, "missing_lines": [5, 6, 7, 9, 11, 13, 14, 15, 17, 18, 22, 28, 32, 36, 38, 40, 41, 49, 50, 52, 53, 54, 55, 56, 57, 58, 59, 60, 61, 62, 64, 66, 68, 69, 70, 71, 80, 81, 82, 83, 84, 85, 86, 88, 89, 90, 95, 96, 98, 99, 103, 108, 109, 110, 111, 113, 114, 115, 117, 118, 119, 121, 122, 126, 127, 132, 133, 137, 138, 141, 143, 148, 149, 150, 151, 153, 163, 164, 166, 167, 169, 170, 172, 173, 175, 177, 179, 181, 183, 184, 229, 230, 231, 232, 233, 234, 235, 236, 237, 238, 239, 240, 245, 250, 251, 253, 254, 255, 256, 257, 258, 259, 261, 262, 263, 265, 266, 326, 327, 329, 336, 337, 338, 339, 340, 341, 342, 343, 344, 345, 346, 347, 349, 350, 381, 382, 383, 384, 385, 386, 388, 389, 390, 392, 393, 412, 413, 414, 416], "excluded_lines": []}, "src/services/connectors/app/__init__.py": {"executed_lines": [0], "summary": {"covered_lines": 0, "num_statements": 0, "percent_covered": 100.0, "percent_covered_display": "100", "missing_lines": 0, "excluded_lines": 0}, "missing_lines": [], "excluded_lines": []}, "src/services/connectors/app/connectors_app_settings.py": {"executed_lines": [], "summary": {"covered_lines": 0, "num_statements": 5, "percent_covered": 0.0, "percent_covered_display": "0", "missing_lines": 5, "excluded_lines": 0}, "missing_lines": [1, 3, 4, 6, 8], "excluded_lines": []}, "src/services/connectors/app/connectors_app_svc.py": {"executed_lines": [], "summary": {"covered_lines": 0, "num_statements": 72, "percent_covered": 0.0, "percent_covered_display": "0", "missing_lines": 72, "excluded_lines": 0}, "missing_lines": [1, 2, 4, 5, 7, 8, 9, 10, 12, 23, 24, 26, 28, 31, 32, 33, 34, 37, 39, 47, 48, 49, 51, 61, 72, 73, 77, 78, 79, 81, 89, 91, 93, 95, 97, 98, 101, 105, 106, 107, 108, 109, 110, 111, 113, 115, 117, 118, 120, 121, 122, 124, 125, 126, 127, 128, 129, 131, 133, 134, 136, 137, 138, 139, 140, 141, 142, 143, 144, 145, 146, 148], "excluded_lines": []}, "src/services/connectors/app/connectors_mqtt_app_settings.py": {"executed_lines": [1, 3, 4, 6, 8], "summary": {"covered_lines": 5, "num_statements": 5, "percent_covered": 100.0, "percent_covered_display": "100", "missing_lines": 0, "excluded_lines": 0}, "missing_lines": [], "excluded_lines": []}, "src/services/connectors/app/connectors_mqtt_app_svc.py": {"executed_lines": [1, 2, 3, 4, 5, 6, 8, 9, 10, 11, 13, 14, 15, 16, 17, 21, 23, 28, 29, 31, 33, 34, 35, 38, 39, 41, 42, 43, 44, 45, 46, 49, 50, 53, 54, 55, 56, 60, 61, 64, 65, 66, 67, 68, 71, 73, 74, 75, 76, 77, 79, 86, 87, 88, 92, 93, 103, 104, 105, 107, 109, 111, 112, 114, 116, 117, 119, 120, 122, 133, 139, 140, 142, 145, 154, 155, 156, 158, 159, 161, 162, 163, 164, 165, 166, 167, 168, 169, 171, 191, 203, 226, 256, 270, 285, 314, 330, 331, 339, 341, 363, 364, 366, 367, 373, 374, 377, 378, 382, 383, 384, 388, 395, 396, 397, 398, 402, 403, 404, 408, 409, 411, 412, 413, 414, 415, 416, 423, 424, 426, 432, 433, 435, 441, 442, 447, 452, 454, 458, 459, 460, 461, 462, 463, 464, 465, 466, 472, 473, 479, 482, 483, 492, 494, 495, 514, 553, 554, 555, 559, 560, 561, 562, 563, 564, 565, 566, 571, 572, 574, 575, 580, 591, 592, 593, 595, 597, 598, 599, 605, 606, 611, 613, 620, 621, 623, 625, 626, 628, 629, 630, 631, 632, 633, 634, 636, 637, 643, 645, 646, 647, 651, 652, 655, 662, 678, 694, 704, 705, 706, 707, 708, 709, 710, 711, 712, 713, 714, 716, 723, 724, 725, 726, 727, 728, 729, 730, 731, 737, 739, 741, 757, 759], "summary": {"covered_lines": 232, "num_statements": 425, "percent_covered": 54.588235294117645, "percent_covered_display": "55", "missing_lines": 193, "excluded_lines": 0}, "missing_lines": [30, 32, 40, 47, 57, 78, 89, 125, 126, 127, 130, 131, 134, 137, 143, 146, 147, 148, 149, 150, 151, 152, 172, 173, 174, 175, 177, 178, 179, 181, 187, 188, 189, 192, 196, 197, 198, 199, 204, 205, 210, 211, 213, 215, 216, 218, 219, 220, 221, 222, 223, 224, 235, 236, 237, 238, 240, 241, 242, 244, 251, 252, 254, 257, 258, 259, 260, 261, 266, 267, 268, 274, 275, 276, 281, 282, 283, 287, 294, 295, 296, 297, 299, 303, 304, 305, 306, 308, 315, 319, 320, 321, 322, 365, 389, 390, 394, 417, 418, 422, 434, 467, 471, 474, 478, 488, 496, 497, 498, 499, 500, 501, 502, 503, 504, 505, 506, 507, 508, 509, 512, 515, 516, 517, 518, 519, 520, 521, 522, 523, 525, 526, 528, 529, 530, 531, 532, 533, 534, 535, 544, 545, 551, 556, 557, 614, 618, 635, 638, 639, 642, 644, 656, 657, 663, 664, 665, 668, 671, 672, 673, 674, 680, 682, 683, 684, 685, 686, 687, 689, 690, 691, 692, 695, 696, 697, 698, 699, 700, 701, 702, 719, 720, 721, 742, 743, 744, 745, 746, 748, 752, 753, 755], "excluded_lines": []}, "src/services/connectors/app_api/__init__.py": {"executed_lines": [], "summary": {"covered_lines": 0, "num_statements": 0, "percent_covered": 100.0, "percent_covered_display": "100", "missing_lines": 0, "excluded_lines": 0}, "missing_lines": [], "excluded_lines": []}, "src/services/connectors/app_api/connectors_app_api_settings.py": {"executed_lines": [], "summary": {"covered_lines": 0, "num_statements": 4, "percent_covered": 0.0, "percent_covered_display": "0", "missing_lines": 4, "excluded_lines": 0}, "missing_lines": [1, 3, 5, 7], "excluded_lines": []}, "src/services/connectors/app_api/connectors_app_api_svc.py": {"executed_lines": [], "summary": {"covered_lines": 0, "num_statements": 153, "percent_covered": 0.0, "percent_covered_display": "0", "missing_lines": 153, "excluded_lines": 0}, "missing_lines": [7, 8, 9, 10, 11, 12, 13, 14, 15, 16, 21, 23, 25, 26, 27, 28, 29, 31, 33, 35, 37, 38, 40, 41, 42, 43, 45, 52, 53, 55, 56, 60, 61, 62, 63, 64, 65, 66, 67, 68, 69, 70, 72, 73, 74, 75, 76, 78, 79, 80, 91, 92, 93, 94, 95, 96, 97, 98, 99, 100, 101, 111, 112, 113, 114, 115, 116, 118, 119, 120, 121, 124, 125, 126, 127, 128, 132, 137, 138, 139, 140, 141, 142, 143, 149, 150, 152, 153, 154, 155, 157, 159, 160, 161, 162, 164, 166, 167, 168, 169, 171, 172, 178, 184, 185, 191, 192, 193, 194, 196, 198, 200, 202, 203, 226, 227, 228, 231, 232, 236, 237, 238, 239, 242, 243, 247, 248, 249, 250, 251, 254, 255, 259, 260, 261, 262, 263, 266, 267, 269, 270, 273, 274, 280, 285, 286, 287, 288, 291, 292, 296, 297, 300], "excluded_lines": []}, "src/services/connectors/model_crud/__init__.py": {"executed_lines": [], "summary": {"covered_lines": 0, "num_statements": 0, "percent_covered": 100.0, "percent_covered_display": "100", "missing_lines": 0, "excluded_lines": 0}, "missing_lines": [], "excluded_lines": []}, "src/services/connectors/model_crud/connectors_model_crud_settings.py": {"executed_lines": [], "summary": {"covered_lines": 0, "num_statements": 4, "percent_covered": 0.0, "percent_covered_display": "0", "missing_lines": 4, "excluded_lines": 0}, "missing_lines": [1, 3, 5, 6], "excluded_lines": []}, "src/services/connectors/model_crud/connectors_model_crud_svc.py": {"executed_lines": [], "summary": {"covered_lines": 0, "num_statements": 163, "percent_covered": 0.0, "percent_covered_display": "0", "missing_lines": 163, "excluded_lines": 0}, "missing_lines": [1, 2, 3, 5, 7, 8, 9, 10, 12, 23, 24, 26, 27, 28, 29, 30, 32, 33, 34, 35, 37, 51, 52, 54, 55, 56, 57, 59, 60, 62, 63, 64, 72, 73, 74, 75, 76, 77, 89, 91, 93, 96, 102, 103, 104, 105, 106, 107, 108, 109, 112, 116, 117, 122, 123, 125, 126, 128, 129, 130, 131, 132, 133, 134, 136, 137, 141, 142, 143, 144, 148, 150, 151, 155, 158, 162, 163, 164, 165, 168, 176, 177, 178, 179, 181, 183, 184, 191, 193, 195, 196, 197, 198, 199, 201, 203, 205, 207, 208, 210, 211, 212, 213, 214, 215, 216, 217, 218, 219, 224, 225, 230, 231, 232, 233, 234, 239, 240, 246, 247, 248, 250, 253, 257, 259, 260, 261, 263, 289, 290, 294, 298, 299, 300, 301, 305, 312, 313, 314, 321, 322, 324, 333, 339, 342, 346, 350, 352, 354, 355, 357, 358, 359, 360, 361, 362, 372, 373, 374, 385, 387, 390, 392], "excluded_lines": []}, "src/services/dataStorages/__init__.py": {"executed_lines": [0], "summary": {"covered_lines": 0, "num_statements": 0, "percent_covered": 100.0, "percent_covered_display": "100", "missing_lines": 0, "excluded_lines": 0}, "missing_lines": [], "excluded_lines": []}, "src/services/dataStorages/api_crud/__init__.py": {"executed_lines": [], "summary": {"covered_lines": 0, "num_statements": 0, "percent_covered": 100.0, "percent_covered_display": "100", "missing_lines": 0, "excluded_lines": 0}, "missing_lines": [], "excluded_lines": []}, "src/services/dataStorages/api_crud/dataStorages_api_crud_settings.py": {"executed_lines": [], "summary": {"covered_lines": 0, "num_statements": 4, "percent_covered": 0.0, "percent_covered_display": "0", "missing_lines": 4, "excluded_lines": 0}, "missing_lines": [1, 3, 6, 7], "excluded_lines": []}, "src/services/dataStorages/api_crud/dataStorages_api_crud_svc.py": {"executed_lines": [], "summary": {"covered_lines": 0, "num_statements": 109, "percent_covered": 0.0, "percent_covered_display": "0", "missing_lines": 109, "excluded_lines": 0}, "missing_lines": [5, 6, 7, 8, 10, 12, 13, 15, 17, 19, 20, 22, 23, 25, 27, 29, 30, 32, 34, 36, 37, 39, 40, 42, 43, 44, 45, 48, 49, 50, 53, 54, 56, 58, 59, 63, 68, 69, 73, 78, 79, 81, 82, 85, 87, 91, 96, 97, 98, 99, 101, 111, 112, 114, 115, 117, 118, 120, 121, 123, 125, 127, 129, 131, 132, 147, 148, 150, 158, 159, 160, 161, 162, 163, 164, 165, 166, 167, 168, 169, 171, 172, 173, 174, 176, 177, 178, 179, 180, 181, 182, 183, 185, 186, 187, 189, 190, 191, 192, 193, 194, 195, 196, 197, 198, 200, 201, 202, 204], "excluded_lines": []}, "src/services/dataStorages/api_crud/dataStorages_api_crud_v2_router.py": {"executed_lines": [], "summary": {"covered_lines": 0, "num_statements": 142, "percent_covered": 0.0, "percent_covered_display": "0", "missing_lines": 142, "excluded_lines": 0}, "missing_lines": [11, 12, 13, 15, 18, 23, 25, 27, 28, 29, 37, 44, 45, 48, 50, 52, 53, 54, 60, 62, 64, 65, 68, 69, 71, 72, 77, 78, 81, 82, 85, 86, 88, 93, 94, 96, 97, 102, 103, 104, 111, 112, 115, 116, 118, 119, 122, 125, 126, 129, 130, 131, 132, 134, 135, 136, 137, 138, 139, 142, 143, 144, 147, 148, 149, 152, 153, 156, 157, 158, 160, 161, 163, 164, 165, 166, 169, 170, 173, 174, 189, 190, 193, 194, 195, 196, 197, 198, 199, 200, 201, 202, 203, 204, 205, 206, 207, 208, 209, 210, 211, 212, 213, 214, 215, 216, 217, 218, 219, 221, 222, 224, 225, 226, 229, 230, 231, 232, 233, 234, 235, 236, 237, 238, 239, 240, 242, 243, 244, 247, 248, 249, 250, 251, 252, 253, 254, 255, 256, 258, 259, 260], "excluded_lines": []}, "src/services/dataStorages/app/__init__.py": {"executed_lines": [0], "summary": {"covered_lines": 0, "num_statements": 0, "percent_covered": 100.0, "percent_covered_display": "100", "missing_lines": 0, "excluded_lines": 0}, "missing_lines": [], "excluded_lines": []}, "src/services/dataStorages/app/dataStorages_app_base.py": {"executed_lines": [1, 2, 3, 4, 5, 6, 7, 8, 10, 11, 12, 13, 15, 17, 18, 20, 23, 24, 25, 29, 31, 63, 64, 121, 131, 148, 152, 154, 160, 161, 162, 163, 165, 182, 185, 186, 189, 198, 199, 200, 203, 204, 205, 207, 208, 212, 213, 217, 230, 241, 256, 287, 291, 297, 303, 304, 305, 306, 308, 309, 310, 311, 312, 313, 314, 315, 316, 317, 319, 322, 340, 351, 368, 370, 372, 373, 374, 375, 376, 380, 381, 384, 387, 388, 389, 390, 391, 392, 393, 394, 395, 396, 397, 398, 399, 404, 405, 407, 492, 551, 569, 572, 593, 602, 605, 651, 667, 670, 676, 679, 682, 687, 690, 693, 696, 710, 751, 752, 765, 777, 778, 781, 782, 795, 806, 807, 810, 853, 894, 897, 900, 901, 908, 977, 1033, 1112, 1119, 1122, 1146, 1202, 1209, 1219, 1369, 1418, 1438, 1506, 1550, 1553, 1603, 1691, 1705, 1706, 1711], "summary": {"covered_lines": 152, "num_statements": 820, "percent_covered": 18.536585365853657, "percent_covered_display": "19", "missing_lines": 668, "excluded_lines": 0}, "missing_lines": [50, 51, 52, 53, 55, 56, 58, 59, 61, 124, 130, 132, 133, 134, 135, 136, 137, 138, 139, 140, 141, 142, 143, 144, 145, 146, 155, 156, 157, 158, 167, 168, 169, 170, 171, 180, 187, 188, 201, 202, 219, 220, 221, 222, 223, 224, 225, 226, 231, 232, 233, 234, 235, 236, 237, 238, 239, 242, 243, 244, 245, 246, 247, 248, 249, 250, 251, 252, 253, 254, 258, 259, 265, 266, 267, 268, 269, 270, 271, 272, 273, 274, 275, 276, 277, 278, 279, 280, 281, 282, 283, 284, 285, 298, 299, 300, 301, 320, 323, 324, 325, 326, 327, 328, 329, 330, 331, 332, 333, 334, 335, 336, 337, 338, 342, 343, 344, 346, 347, 348, 349, 352, 357, 358, 359, 360, 361, 362, 363, 364, 365, 366, 371, 377, 378, 382, 400, 402, 414, 415, 416, 418, 419, 421, 424, 425, 428, 430, 432, 433, 434, 435, 438, 439, 440, 441, 442, 445, 453, 460, 461, 462, 463, 466, 467, 471, 472, 473, 477, 484, 485, 486, 487, 489, 490, 494, 498, 499, 500, 501, 502, 503, 504, 505, 506, 507, 508, 512, 513, 514, 515, 516, 517, 518, 519, 524, 525, 526, 527, 528, 530, 531, 539, 540, 541, 542, 544, 546, 548, 549, 552, 553, 555, 563, 564, 565, 566, 567, 570, 573, 575, 576, 578, 586, 587, 588, 589, 591, 598, 599, 600, 603, 610, 611, 612, 613, 615, 617, 618, 620, 622, 623, 625, 629, 630, 631, 632, 634, 635, 637, 638, 639, 640, 643, 644, 645, 646, 647, 649, 653, 654, 655, 656, 657, 658, 660, 661, 662, 664, 665, 668, 671, 672, 673, 674, 677, 680, 685, 688, 691, 694, 708, 749, 763, 775, 779, 793, 804, 808, 827, 828, 829, 830, 831, 833, 834, 835, 836, 837, 838, 839, 840, 842, 844, 846, 848, 849, 851, 868, 869, 870, 871, 872, 874, 875, 876, 877, 878, 879, 880, 881, 883, 885, 887, 889, 890, 892, 895, 898, 906, 921, 922, 923, 924, 925, 928, 929, 931, 933, 936, 937, 938, 939, 940, 943, 944, 946, 947, 948, 953, 955, 958, 962, 963, 966, 967, 969, 970, 972, 974, 975, 994, 995, 996, 998, 999, 1002, 1003, 1005, 1007, 1009, 1010, 1011, 1013, 1017, 1018, 1027, 1028, 1029, 1030, 1031, 1062, 1071, 1072, 1073, 1074, 1078, 1088, 1089, 1099, 1100, 1101, 1104, 1105, 1106, 1107, 1108, 1110, 1113, 1114, 1115, 1116, 1117, 1120, 1124, 1125, 1128, 1129, 1130, 1131, 1132, 1133, 1138, 1139, 1140, 1141, 1142, 1143, 1144, 1171, 1176, 1177, 1187, 1188, 1189, 1192, 1193, 1194, 1197, 1198, 1200, 1203, 1204, 1205, 1206, 1207, 1217, 1241, 1243, 1244, 1245, 1246, 1247, 1248, 1249, 1250, 1251, 1252, 1253, 1255, 1256, 1257, 1258, 1260, 1262, 1264, 1266, 1268, 1270, 1272, 1273, 1283, 1284, 1292, 1295, 1304, 1313, 1314, 1315, 1317, 1319, 1321, 1323, 1328, 1334, 1335, 1337, 1338, 1339, 1341, 1342, 1343, 1344, 1345, 1346, 1347, 1349, 1350, 1351, 1353, 1357, 1361, 1362, 1363, 1365, 1367, 1372, 1376, 1377, 1379, 1381, 1384, 1385, 1386, 1387, 1388, 1390, 1391, 1392, 1394, 1395, 1396, 1397, 1398, 1399, 1400, 1401, 1402, 1404, 1405, 1406, 1407, 1408, 1409, 1410, 1411, 1412, 1413, 1414, 1415, 1416, 1426, 1431, 1433, 1434, 1436, 1454, 1455, 1456, 1457, 1461, 1463, 1464, 1465, 1466, 1468, 1469, 1470, 1471, 1474, 1476, 1478, 1479, 1482, 1489, 1494, 1497, 1498, 1502, 1504, 1526, 1527, 1529, 1530, 1531, 1532, 1533, 1534, 1539, 1540, 1541, 1542, 1543, 1544, 1546, 1547, 1548, 1551, 1558, 1559, 1562, 1563, 1564, 1565, 1566, 1568, 1573, 1574, 1575, 1577, 1578, 1579, 1580, 1581, 1582, 1585, 1586, 1587, 1592, 1594, 1596, 1597, 1599, 1601, 1609, 1610, 1613, 1614, 1615, 1616, 1618, 1623, 1624, 1626, 1627, 1629, 1630, 1632, 1634, 1635, 1636, 1637, 1638, 1640, 1641, 1644, 1646, 1647, 1648, 1649, 1651, 1653, 1655, 1656, 1659, 1660, 1661, 1662, 1663, 1664, 1665, 1667, 1670, 1672, 1673, 1674, 1676, 1679, 1681, 1682, 1685, 1686, 1688, 1689, 1694, 1695, 1696, 1697, 1699, 1703, 1709, 1733, 1734, 1735, 1736, 1737, 1738, 1739], "excluded_lines": []}, "src/services/dataStorages/app/dataStorages_app_base_settings.py": {"executed_lines": [1, 2, 4, 6, 9, 12, 14], "summary": {"covered_lines": 7, "num_statements": 7, "percent_covered": 100.0, "percent_covered_display": "100", "missing_lines": 0, "excluded_lines": 0}, "missing_lines": [], "excluded_lines": []}, "src/services/dataStorages/app/integrational/__init__.py": {"executed_lines": [0], "summary": {"covered_lines": 0, "num_statements": 0, "percent_covered": 100.0, "percent_covered_display": "100", "missing_lines": 0, "excluded_lines": 0}, "missing_lines": [], "excluded_lines": []}, "src/services/dataStorages/app/integrational/dataStorages_app_integrational_base.py": {"executed_lines": [1, 2, 3, 4, 5, 6, 7, 8, 10, 12, 13, 14, 15, 22, 23, 24, 25, 26, 27, 28, 29, 30, 31, 32, 35, 36, 44, 60, 74, 75, 76, 77, 78, 80, 81, 83, 84, 85, 86, 87, 89, 90, 91, 92, 93, 94, 95, 97, 101, 109, 113, 117, 120, 123, 138, 176, 177, 178, 179, 180, 183, 184, 185, 186, 191, 192, 195, 213, 227, 230, 233, 236, 240, 244, 245, 246, 247, 248, 254, 261, 262, 263, 264, 266, 273, 274, 275, 276, 277, 278, 280, 281, 286, 293, 294, 297, 298, 299, 300, 301, 302, 308, 309, 310, 311, 322, 323, 324, 325, 326, 328, 330, 331, 332, 333, 334, 335, 336, 339, 340, 341, 342, 343, 346, 347, 348, 349, 351, 352, 358, 359, 360, 361, 363, 365, 378, 379, 380, 382, 387, 390, 391, 393, 394, 399, 403, 404, 405, 408, 409, 410, 412, 413, 414, 415, 417, 418, 420, 432, 434, 436, 437, 438, 448, 449, 451, 452, 456, 465, 466, 469, 557, 573, 574, 576, 578, 579, 580, 581, 582, 583, 587, 588, 594, 596, 611, 618, 619, 621, 622, 623, 625, 626, 627, 628, 630, 632, 633, 636, 637, 639, 640, 642, 643, 644, 646, 647, 648, 649, 650, 651, 652, 653, 654, 655, 657, 658, 660, 661, 662, 663, 665, 673, 674, 677, 678, 679, 680, 681, 682, 684, 685, 686, 687, 688, 691, 692, 694, 696, 697, 699, 700, 703, 704, 707, 719, 723, 732, 735, 736, 737, 739, 752, 753, 754, 755, 757, 758, 760, 762, 768, 777, 780, 796, 797, 798, 800, 801, 802, 803, 809, 818, 819, 820, 821, 822, 823, 826, 828, 830, 831, 832, 833, 834, 835, 836, 838, 839, 842, 853, 854, 855, 856, 857, 858, 859, 860, 861, 862, 863, 864, 865, 866, 867, 868, 870, 871, 872, 878, 879, 881, 882, 883, 885, 887, 889, 890, 891, 892, 893, 894, 896, 897, 898, 900, 901, 903, 904, 906, 908, 909, 910, 911, 912], "summary": {"covered_lines": 333, "num_statements": 585, "percent_covered": 56.92307692307692, "percent_covered_display": "57", "missing_lines": 252, "excluded_lines": 0}, "missing_lines": [46, 47, 56, 57, 58, 64, 65, 66, 67, 68, 69, 70, 71, 72, 88, 99, 103, 111, 115, 118, 121, 136, 139, 140, 141, 142, 143, 144, 145, 146, 147, 148, 149, 150, 151, 152, 153, 154, 155, 156, 157, 158, 159, 160, 161, 163, 165, 166, 167, 168, 169, 170, 171, 172, 174, 181, 187, 188, 189, 190, 193, 197, 198, 200, 201, 202, 204, 205, 206, 207, 208, 209, 211, 214, 215, 217, 218, 219, 220, 221, 222, 223, 224, 225, 228, 231, 234, 237, 238, 241, 242, 295, 304, 305, 306, 337, 350, 353, 356, 381, 392, 401, 406, 419, 450, 453, 467, 476, 477, 478, 479, 480, 481, 482, 483, 484, 486, 495, 496, 498, 499, 500, 501, 503, 504, 505, 509, 510, 511, 512, 514, 516, 517, 518, 520, 521, 530, 531, 532, 533, 534, 535, 536, 537, 538, 539, 540, 541, 543, 554, 555, 558, 559, 561, 562, 563, 564, 566, 567, 568, 569, 570, 571, 589, 597, 598, 599, 600, 604, 605, 607, 608, 609, 624, 629, 634, 659, 666, 667, 668, 669, 670, 671, 675, 689, 693, 695, 708, 709, 710, 711, 712, 713, 714, 715, 716, 717, 720, 721, 724, 725, 726, 727, 728, 729, 730, 733, 740, 756, 759, 778, 781, 782, 783, 784, 785, 786, 787, 788, 789, 793, 794, 799, 805, 810, 811, 812, 813, 814, 815, 816, 824, 825, 827, 837, 840, 873, 874, 875, 876, 880, 884, 886, 902, 905, 913, 914, 915, 916, 917, 918, 919], "excluded_lines": []}, "src/services/dataStorages/app/integrational/dataStorages_app_integrational_relational_settings.py": {"executed_lines": [], "summary": {"covered_lines": 0, "num_statements": 7, "percent_covered": 0.0, "percent_covered_display": "0", "missing_lines": 7, "excluded_lines": 0}, "missing_lines": [1, 3, 6, 8, 12, 16, 19], "excluded_lines": []}, "src/services/dataStorages/app/integrational/dataStorages_app_integrational_relational_svc.py": {"executed_lines": [], "summary": {"covered_lines": 0, "num_statements": 38, "percent_covered": 0.0, "percent_covered_display": "0", "missing_lines": 38, "excluded_lines": 0}, "missing_lines": [1, 2, 3, 5, 6, 7, 8, 10, 12, 14, 17, 22, 23, 24, 26, 27, 28, 29, 31, 32, 33, 34, 36, 37, 38, 39, 41, 42, 43, 45, 46, 47, 48, 49, 52, 53, 56, 57], "excluded_lines": []}, "src/services/dataStorages/app/integrational/dataStorages_app_integrational_utils.py": {"executed_lines": [1, 2, 3, 6, 7, 8, 11, 13, 19, 20, 21, 25, 26, 28, 29, 35, 40, 41, 43, 44, 45, 46, 47, 48, 49, 50, 52, 53, 56], "summary": {"covered_lines": 29, "num_statements": 34, "percent_covered": 85.29411764705883, "percent_covered_display": "85", "missing_lines": 5, "excluded_lines": 0}, "missing_lines": [22, 57, 58, 59, 60], "excluded_lines": []}, "src/services/dataStorages/app/postgresql/__init__.py": {"executed_lines": [], "summary": {"covered_lines": 0, "num_statements": 0, "percent_covered": 100.0, "percent_covered_display": "100", "missing_lines": 0, "excluded_lines": 0}, "missing_lines": [], "excluded_lines": []}, "src/services/dataStorages/app/postgresql/dataStorages_app_postgresql_settings.py": {"executed_lines": [], "summary": {"covered_lines": 0, "num_statements": 9, "percent_covered": 0.0, "percent_covered_display": "0", "missing_lines": 9, "excluded_lines": 0}, "missing_lines": [1, 2, 4, 6, 8, 12, 13, 24, 26], "excluded_lines": []}, "src/services/dataStorages/app/postgresql/dataStorages_app_postgresql_svc.py": {"executed_lines": [], "summary": {"covered_lines": 0, "num_statements": 385, "percent_covered": 0.0, "percent_covered_display": "0", "missing_lines": 385, "excluded_lines": 0}, "missing_lines": [1, 2, 3, 4, 5, 7, 9, 10, 11, 12, 14, 16, 17, 18, 19, 24, 25, 27, 29, 33, 35, 46, 50, 60, 62, 63, 71, 72, 73, 74, 75, 78, 80, 81, 89, 90, 91, 92, 93, 96, 98, 99, 100, 101, 102, 106, 110, 111, 112, 113, 115, 117, 118, 119, 120, 121, 122, 123, 124, 125, 126, 127, 128, 129, 131, 140, 141, 144, 146, 147, 149, 160, 164, 166, 167, 168, 169, 173, 182, 184, 185, 187, 189, 191, 193, 194, 195, 196, 197, 198, 199, 200, 202, 203, 204, 205, 207, 209, 210, 211, 212, 213, 214, 215, 218, 219, 224, 226, 228, 229, 231, 233, 235, 237, 238, 239, 240, 241, 242, 243, 244, 246, 247, 248, 249, 251, 253, 254, 255, 256, 257, 258, 259, 262, 263, 264, 266, 267, 269, 271, 272, 274, 281, 282, 284, 285, 286, 287, 288, 289, 290, 292, 293, 294, 295, 297, 299, 300, 301, 302, 303, 304, 305, 308, 309, 310, 312, 313, 315, 317, 318, 320, 321, 323, 327, 328, 329, 330, 331, 334, 335, 341, 342, 343, 344, 346, 347, 348, 349, 351, 352, 353, 355, 356, 357, 358, 364, 365, 367, 372, 373, 375, 376, 378, 379, 381, 383, 384, 386, 387, 389, 391, 392, 394, 399, 401, 402, 403, 404, 410, 411, 412, 414, 415, 418, 419, 421, 424, 425, 427, 429, 430, 432, 433, 434, 435, 436, 437, 438, 439, 440, 441, 444, 446, 450, 452, 453, 455, 456, 463, 465, 466, 467, 469, 474, 482, 484, 485, 487, 489, 491, 499, 501, 511, 512, 513, 521, 522, 523, 524, 526, 527, 528, 532, 535, 536, 537, 538, 539, 541, 543, 554, 555, 556, 564, 565, 566, 567, 569, 570, 571, 575, 578, 579, 580, 581, 582, 584, 586, 589, 590, 591, 595, 596, 598, 599, 600, 602, 607, 608, 609, 612, 613, 616, 617, 618, 620, 621, 624, 626, 627, 629, 630, 631, 632, 634, 636, 637, 638, 640, 641, 642, 644, 646, 647, 649, 650, 651, 652, 654, 655, 656, 657, 658, 659, 660, 661, 662, 664, 673, 674, 676, 677, 678, 679, 680, 681, 682, 684, 685, 686, 687, 688, 689, 690, 691, 692, 693, 694, 696, 697, 698, 700, 702, 724, 725, 726, 727, 728, 729, 730, 732, 734, 736, 737], "excluded_lines": []}, "src/services/dataStorages/app/victoriametrics/__init__.py": {"executed_lines": [], "summary": {"covered_lines": 0, "num_statements": 0, "percent_covered": 100.0, "percent_covered_display": "100", "missing_lines": 0, "excluded_lines": 0}, "missing_lines": [], "excluded_lines": []}, "src/services/dataStorages/app/victoriametrics/dataStorages_app_victoriametrics_settings.py": {"executed_lines": [], "summary": {"covered_lines": 0, "num_statements": 10, "percent_covered": 0.0, "percent_covered_display": "0", "missing_lines": 10, "excluded_lines": 0}, "missing_lines": [1, 2, 4, 6, 8, 14, 30, 57, 60, 64], "excluded_lines": []}, "src/services/dataStorages/app/victoriametrics/dataStorages_app_victoriametrics_svc.py": {"executed_lines": [], "summary": {"covered_lines": 0, "num_statements": 396, "percent_covered": 0.0, "percent_covered_display": "0", "missing_lines": 396, "excluded_lines": 0}, "missing_lines": [1, 2, 3, 4, 5, 6, 7, 8, 9, 10, 12, 14, 15, 16, 20, 22, 41, 42, 43, 44, 46, 47, 49, 50, 52, 54, 56, 59, 64, 65, 66, 68, 69, 77, 78, 80, 81, 84, 103, 108, 109, 110, 111, 112, 113, 115, 117, 121, 122, 124, 125, 127, 132, 142, 143, 144, 145, 147, 149, 152, 168, 169, 171, 172, 173, 176, 178, 179, 180, 181, 182, 184, 185, 186, 187, 192, 194, 196, 198, 199, 202, 203, 210, 212, 213, 214, 216, 224, 232, 234, 235, 237, 239, 242, 243, 244, 245, 253, 258, 263, 265, 266, 267, 272, 274, 276, 277, 282, 284, 292, 294, 296, 297, 298, 300, 305, 307, 309, 310, 311, 312, 313, 315, 316, 317, 319, 320, 325, 326, 328, 330, 377, 378, 379, 380, 381, 382, 385, 408, 410, 411, 412, 413, 414, 417, 419, 426, 428, 429, 430, 431, 432, 433, 434, 437, 438, 439, 440, 442, 443, 445, 447, 448, 452, 453, 454, 455, 456, 457, 458, 459, 460, 461, 463, 468, 470, 472, 474, 476, 479, 482, 486, 487, 489, 491, 494, 495, 496, 497, 498, 500, 501, 502, 504, 505, 506, 507, 508, 509, 510, 511, 512, 514, 515, 516, 517, 518, 519, 520, 521, 522, 523, 524, 525, 526, 529, 537, 542, 544, 545, 547, 550, 566, 567, 568, 569, 573, 575, 576, 577, 578, 580, 581, 582, 583, 586, 588, 590, 591, 594, 601, 606, 609, 610, 614, 616, 619, 639, 640, 642, 643, 644, 645, 646, 647, 652, 653, 654, 655, 656, 657, 659, 660, 661, 664, 665, 668, 673, 678, 679, 680, 682, 683, 684, 685, 686, 687, 692, 694, 696, 697, 699, 701, 704, 711, 716, 717, 719, 720, 721, 723, 724, 726, 728, 729, 730, 731, 732, 734, 735, 738, 740, 741, 742, 743, 745, 747, 749, 750, 753, 754, 755, 756, 757, 759, 762, 764, 765, 766, 768, 771, 773, 774, 776, 777, 779, 780, 783, 786, 787, 788, 789, 791, 795, 797, 803, 804, 806, 807, 808, 809, 811, 813, 814, 815, 817, 818, 819, 821, 823, 824, 826, 827, 828, 829, 831, 832, 833, 834, 835, 836, 838, 847, 848, 850, 851, 852, 853, 854, 855, 856, 858, 859, 860, 861, 862, 863, 864, 865, 866, 867, 868, 870, 871, 872, 874, 876, 898, 899, 900, 901, 902, 903, 904, 906, 908], "excluded_lines": []}, "src/services/dataStorages/model_crud/__init__.py": {"executed_lines": [0], "summary": {"covered_lines": 0, "num_statements": 0, "percent_covered": 100.0, "percent_covered_display": "100", "missing_lines": 0, "excluded_lines": 0}, "missing_lines": [], "excluded_lines": []}, "src/services/dataStorages/model_crud/dataStorages_model_crud_settings.py": {"executed_lines": [1, 3, 5, 7], "summary": {"covered_lines": 4, "num_statements": 4, "percent_covered": 100.0, "percent_covered_display": "100", "missing_lines": 0, "excluded_lines": 0}, "missing_lines": [], "excluded_lines": []}, "src/services/dataStorages/model_crud/dataStorages_model_crud_svc.py": {"executed_lines": [1, 2, 3, 4, 5, 6, 7, 10, 11, 13, 14, 16, 79, 97, 102, 103, 107, 108, 109, 111, 113, 114, 115, 116, 118, 123, 124, 126, 127, 133, 134, 140, 141, 145, 146, 150, 177, 204, 217, 274, 321, 322], "summary": {"covered_lines": 41, "num_statements": 170, "percent_covered": 24.11764705882353, "percent_covered_display": "24", "missing_lines": 129, "excluded_lines": 0}, "missing_lines": [17, 18, 20, 21, 22, 23, 25, 26, 27, 35, 36, 37, 38, 39, 50, 51, 52, 60, 61, 62, 63, 64, 75, 77, 80, 81, 82, 83, 84, 85, 86, 87, 88, 89, 90, 91, 92, 93, 94, 95, 104, 105, 117, 128, 129, 130, 131, 135, 136, 137, 138, 142, 143, 147, 148, 151, 154, 155, 156, 158, 165, 166, 169, 171, 173, 178, 181, 182, 183, 185, 192, 193, 196, 198, 200, 205, 213, 214, 215, 218, 219, 220, 221, 224, 225, 227, 229, 234, 235, 236, 237, 238, 239, 241, 242, 243, 244, 245, 247, 248, 249, 251, 252, 253, 258, 259, 260, 264, 270, 275, 276, 277, 278, 281, 282, 284, 286, 291, 292, 293, 294, 295, 296, 298, 300, 301, 302, 310, 316], "excluded_lines": []}, "src/services/dataStorages/model_crud/dataStorages_model_crud_v2_settings.py": {"executed_lines": [1, 4, 6, 8], "summary": {"covered_lines": 4, "num_statements": 4, "percent_covered": 100.0, "percent_covered_display": "100", "missing_lines": 0, "excluded_lines": 0}, "missing_lines": [], "excluded_lines": []}, "src/services/dataStorages/model_crud/dataStorages_model_crud_v2_svc.py": {"executed_lines": [1, 2, 3, 4, 6, 8, 9, 10, 15, 16, 21, 23, 36, 38, 40, 42, 44, 61, 69, 99, 154, 168, 216, 240, 301, 345, 353, 370, 382, 410, 474, 526, 627, 628], "summary": {"covered_lines": 33, "num_statements": 324, "percent_covered": 10.185185185185185, "percent_covered_display": "10", "missing_lines": 291, "excluded_lines": 0}, "missing_lines": [24, 26, 27, 28, 29, 30, 31, 32, 33, 34, 45, 46, 47, 49, 50, 51, 53, 54, 55, 56, 62, 63, 64, 65, 66, 67, 71, 72, 73, 74, 75, 76, 77, 78, 79, 82, 89, 90, 91, 92, 93, 94, 95, 96, 97, 100, 101, 102, 103, 104, 105, 107, 116, 117, 119, 120, 121, 130, 131, 132, 133, 134, 142, 152, 155, 164, 165, 166, 169, 170, 171, 173, 182, 183, 185, 186, 187, 188, 190, 199, 200, 201, 207, 214, 217, 218, 219, 220, 221, 222, 223, 225, 226, 227, 228, 237, 238, 241, 243, 244, 245, 246, 247, 249, 258, 260, 261, 262, 263, 264, 265, 267, 268, 269, 271, 272, 273, 284, 285, 294, 296, 297, 298, 299, 302, 311, 313, 314, 315, 316, 317, 318, 320, 321, 323, 324, 325, 335, 340, 341, 342, 343, 346, 347, 348, 349, 350, 351, 361, 362, 363, 364, 365, 366, 367, 368, 371, 372, 373, 374, 375, 376, 379, 380, 383, 384, 385, 386, 387, 388, 389, 390, 391, 392, 394, 395, 396, 397, 398, 399, 400, 401, 402, 404, 405, 406, 407, 408, 411, 420, 422, 423, 424, 425, 426, 427, 428, 430, 431, 432, 433, 435, 445, 447, 448, 449, 454, 455, 456, 457, 458, 463, 469, 470, 471, 472, 477, 486, 488, 489, 490, 491, 492, 493, 494, 496, 504, 506, 507, 508, 513, 514, 515, 516, 521, 522, 523, 524, 528, 529, 530, 531, 534, 535, 537, 539, 544, 545, 546, 547, 548, 549, 551, 552, 553, 554, 555, 557, 559, 560, 561, 562, 563, 564, 568, 573, 574, 575, 576, 577, 578, 579, 580, 582, 591, 593, 594, 595, 596, 597, 598, 599, 601, 602, 603, 604, 609, 613, 615, 616, 622], "excluded_lines": []}, "src/services/methods/__init__.py": {"executed_lines": [0], "summary": {"covered_lines": 0, "num_statements": 0, "percent_covered": 100.0, "percent_covered_display": "100", "missing_lines": 0, "excluded_lines": 0}, "missing_lines": [], "excluded_lines": []}, "src/services/methods/api_crud/__init__.py": {"executed_lines": [], "summary": {"covered_lines": 0, "num_statements": 0, "percent_covered": 100.0, "percent_covered_display": "100", "missing_lines": 0, "excluded_lines": 0}, "missing_lines": [], "excluded_lines": []}, "src/services/methods/api_crud/methods_api_crud_settings.py": {"executed_lines": [], "summary": {"covered_lines": 0, "num_statements": 4, "percent_covered": 0.0, "percent_covered_display": "0", "missing_lines": 4, "excluded_lines": 0}, "missing_lines": [1, 3, 5, 7], "excluded_lines": []}, "src/services/methods/api_crud/methods_api_crud_svc.py": {"executed_lines": [], "summary": {"covered_lines": 0, "num_statements": 124, "percent_covered": 0.0, "percent_covered_display": "0", "missing_lines": 124, "excluded_lines": 0}, "missing_lines": [5, 6, 7, 8, 9, 11, 13, 14, 15, 17, 18, 19, 25, 26, 27, 29, 30, 32, 33, 34, 35, 45, 46, 47, 48, 49, 50, 52, 53, 55, 56, 57, 58, 68, 69, 72, 74, 75, 77, 78, 80, 81, 83, 84, 85, 86, 88, 95, 96, 98, 99, 101, 102, 104, 105, 107, 109, 111, 113, 115, 116, 161, 162, 163, 164, 165, 166, 167, 168, 169, 174, 179, 180, 181, 182, 183, 184, 185, 186, 187, 188, 189, 191, 192, 193, 194, 199, 204, 205, 207, 208, 221, 222, 224, 230, 231, 232, 233, 234, 235, 236, 237, 238, 239, 240, 241, 243, 244, 245, 246, 247, 248, 249, 250, 251, 253, 254, 255, 257, 258, 259, 260, 261, 263], "excluded_lines": []}, "src/services/methods/app/__init__.py": {"executed_lines": [0], "summary": {"covered_lines": 0, "num_statements": 0, "percent_covered": 100.0, "percent_covered_display": "100", "missing_lines": 0, "excluded_lines": 0}, "missing_lines": [], "excluded_lines": []}, "src/services/methods/app/method_param_resolve.py": {"executed_lines": [1, 13, 15, 16, 17, 19, 22, 23, 24, 33, 50, 51, 53, 54, 55, 56, 58, 60, 61, 62, 63, 66, 67, 68, 69, 71, 76, 77, 78, 81, 82, 83, 96, 97, 98, 100, 101, 103], "summary": {"covered_lines": 37, "num_statements": 51, "percent_covered": 72.54901960784314, "percent_covered_display": "73", "missing_lines": 14, "excluded_lines": 0}, "missing_lines": [25, 26, 27, 28, 29, 30, 57, 59, 64, 70, 79, 84, 85, 94], "excluded_lines": []}, "src/services/methods/app/methods_app_settings.py": {"executed_lines": [1, 3, 5, 7, 12], "summary": {"covered_lines": 5, "num_statements": 5, "percent_covered": 100.0, "percent_covered_display": "100", "missing_lines": 0, "excluded_lines": 0}, "missing_lines": [], "excluded_lines": []}, "src/services/methods/app/methods_app_svc.py": {"executed_lines": [1, 5, 6, 7, 9, 10, 12, 14, 16, 17, 18, 19, 20, 22, 23, 77, 78, 79, 80, 81, 83, 84, 85, 86, 88, 127, 128, 131, 132, 133, 134, 135, 136, 137, 141, 144, 145, 148, 149, 150, 152, 153, 154, 156, 160, 164, 165, 166, 167, 168, 169, 170, 173, 174, 176, 177, 179, 187, 189, 190, 191, 192, 196, 197, 198, 199, 201, 206, 207, 208, 212, 213, 215, 217, 218, 219, 220, 232, 234, 236, 237, 238, 239, 240, 241, 242, 245, 249, 250, 251, 252, 253, 255, 260, 261, 272, 274, 275, 276, 279, 350, 428, 429, 430, 432, 433, 434, 435, 436, 437, 441, 442, 443, 446, 448, 465, 468, 469, 470, 471, 472, 475, 478, 479, 480, 481, 482, 489, 494, 495, 496, 503, 504, 505, 507, 508, 509, 510, 511, 517, 518, 522, 523, 528, 529, 530, 531, 532, 533, 534, 535, 536, 538, 539, 544, 545, 546, 547, 554, 555, 556, 557, 559, 560, 561, 563, 564, 566, 576, 577, 579, 580, 584, 586, 587, 593, 594, 595, 596, 598, 600, 601, 602, 603, 604, 605, 606, 607, 615, 621, 625, 626, 628, 629, 633, 634, 635, 636, 637, 638, 639, 643, 652, 663, 665], "summary": {"covered_lines": 203, "num_statements": 328, "percent_covered": 61.890243902439025, "percent_covered_display": "62", "missing_lines": 125, "excluded_lines": 0}, "missing_lines": [138, 139, 142, 171, 193, 194, 200, 221, 230, 246, 247, 254, 262, 263, 267, 268, 273, 277, 281, 283, 284, 285, 286, 287, 295, 296, 298, 299, 306, 307, 309, 316, 318, 319, 320, 321, 322, 327, 328, 329, 330, 331, 333, 335, 336, 337, 339, 351, 352, 353, 354, 355, 356, 357, 358, 359, 360, 361, 366, 367, 368, 369, 370, 371, 372, 373, 375, 376, 377, 378, 386, 387, 389, 390, 392, 393, 395, 398, 399, 400, 401, 402, 403, 404, 409, 410, 411, 412, 413, 414, 415, 417, 438, 439, 449, 450, 451, 452, 456, 457, 458, 459, 462, 463, 476, 483, 484, 512, 516, 537, 541, 542, 644, 645, 646, 647, 648, 649, 650, 653, 655, 656, 657, 660, 661], "excluded_lines": []}, "src/services/methods/model_crud/__init__.py": {"executed_lines": [0], "summary": {"covered_lines": 0, "num_statements": 0, "percent_covered": 100.0, "percent_covered_display": "100", "missing_lines": 0, "excluded_lines": 0}, "missing_lines": [], "excluded_lines": []}, "src/services/methods/model_crud/methods_model_crud_settings.py": {"executed_lines": [1, 3, 5, 7], "summary": {"covered_lines": 4, "num_statements": 4, "percent_covered": 100.0, "percent_covered_display": "100", "missing_lines": 0, "excluded_lines": 0}, "missing_lines": [], "excluded_lines": []}, "src/services/methods/model_crud/methods_model_crud_svc.py": {"executed_lines": [1, 2, 4, 6, 7, 8, 9, 11, 12, 18, 19, 21, 22, 23, 24, 26, 40, 41, 42, 44, 45, 48, 49, 50, 52, 53, 54, 56, 57, 58, 61, 67, 68, 72, 76, 78, 80, 81, 88, 89, 90, 95, 96, 97, 98, 107, 108, 113, 151, 157, 158, 163, 164, 165, 166, 170, 201, 209, 213, 216, 217, 221, 226, 229, 231, 235, 236, 238, 240, 246, 248, 249, 250, 251, 252, 253, 257, 259, 260, 261, 265, 330, 373, 400, 409, 413, 423, 425], "summary": {"covered_lines": 87, "num_statements": 198, "percent_covered": 43.93939393939394, "percent_covered_display": "44", "missing_lines": 111, "excluded_lines": 0}, "missing_lines": [27, 28, 29, 30, 31, 73, 74, 79, 83, 86, 103, 115, 117, 118, 120, 121, 122, 126, 127, 128, 136, 140, 141, 146, 171, 174, 176, 177, 180, 182, 183, 189, 191, 192, 193, 194, 195, 196, 197, 199, 214, 218, 219, 266, 274, 275, 276, 278, 281, 286, 287, 288, 289, 290, 298, 300, 301, 307, 311, 312, 313, 316, 317, 322, 326, 327, 328, 332, 336, 337, 338, 339, 342, 345, 346, 352, 353, 354, 357, 358, 364, 365, 366, 370, 371, 374, 375, 377, 380, 381, 382, 383, 385, 386, 394, 395, 396, 398, 401, 405, 406, 407, 410, 411, 414, 416, 417, 418, 419, 420, 421], "excluded_lines": []}, "src/services/objects/__init__.py": {"executed_lines": [], "summary": {"covered_lines": 0, "num_statements": 0, "percent_covered": 100.0, "percent_covered_display": "100", "missing_lines": 0, "excluded_lines": 0}, "missing_lines": [], "excluded_lines": []}, "src/services/objects/api_crud/__init__.py": {"executed_lines": [], "summary": {"covered_lines": 0, "num_statements": 0, "percent_covered": 100.0, "percent_covered_display": "100", "missing_lines": 0, "excluded_lines": 0}, "missing_lines": [], "excluded_lines": []}, "src/services/objects/api_crud/objects_api_crud_settings.py": {"executed_lines": [], "summary": {"covered_lines": 0, "num_statements": 4, "percent_covered": 0.0, "percent_covered_display": "0", "missing_lines": 4, "excluded_lines": 0}, "missing_lines": [1, 3, 5, 7], "excluded_lines": []}, "src/services/objects/api_crud/objects_api_crud_svc.py": {"executed_lines": [], "summary": {"covered_lines": 0, "num_statements": 120, "percent_covered": 0.0, "percent_covered_display": "0", "missing_lines": 120, "excluded_lines": 0}, "missing_lines": [5, 6, 7, 8, 9, 12, 14, 15, 16, 18, 19, 21, 22, 26, 27, 29, 30, 32, 33, 34, 36, 37, 39, 42, 44, 45, 46, 51, 52, 53, 54, 56, 67, 68, 70, 71, 73, 74, 76, 77, 79, 81, 83, 85, 87, 88, 120, 121, 122, 123, 124, 125, 126, 127, 128, 129, 130, 131, 136, 141, 142, 143, 144, 145, 146, 147, 148, 149, 150, 152, 153, 154, 156, 157, 159, 160, 161, 162, 163, 164, 165, 166, 171, 176, 177, 179, 180, 236, 237, 239, 245, 246, 247, 248, 249, 250, 251, 252, 253, 254, 255, 256, 258, 259, 296, 297, 298, 299, 300, 301, 302, 304, 305, 306, 308, 309, 328, 329, 330, 332], "excluded_lines": []}, "src/services/objects/model_crud/__init__.py": {"executed_lines": [], "summary": {"covered_lines": 0, "num_statements": 0, "percent_covered": 100.0, "percent_covered_display": "100", "missing_lines": 0, "excluded_lines": 0}, "missing_lines": [], "excluded_lines": []}, "src/services/objects/model_crud/objects_model_crud_settings.py": {"executed_lines": [], "summary": {"covered_lines": 0, "num_statements": 4, "percent_covered": 0.0, "percent_covered_display": "0", "missing_lines": 4, "excluded_lines": 0}, "missing_lines": [1, 3, 5, 7], "excluded_lines": []}, "src/services/objects/model_crud/objects_model_crud_svc.py": {"executed_lines": [], "summary": {"covered_lines": 0, "num_statements": 23, "percent_covered": 0.0, "percent_covered_display": "0", "missing_lines": 23, "excluded_lines": 0}, "missing_lines": [1, 3, 5, 6, 7, 9, 19, 20, 22, 23, 24, 26, 27, 28, 29, 30, 31, 32, 33, 34, 35, 44, 46], "excluded_lines": []}, "src/services/retranslator/__init__.py": {"executed_lines": [], "summary": {"covered_lines": 0, "num_statements": 0, "percent_covered": 100.0, "percent_covered_display": "100", "missing_lines": 0, "excluded_lines": 0}, "missing_lines": [], "excluded_lines": []}, "src/services/retranslator/app/__init__.py": {"executed_lines": [], "summary": {"covered_lines": 0, "num_statements": 0, "percent_covered": 100.0, "percent_covered_display": "100", "missing_lines": 0, "excluded_lines": 0}, "missing_lines": [], "excluded_lines": []}, "src/services/retranslator/app/retranslator_app_settings.py": {"executed_lines": [], "summary": {"covered_lines": 0, "num_statements": 10, "percent_covered": 0.0, "percent_covered_display": "0", "missing_lines": 10, "excluded_lines": 0}, "missing_lines": [1, 3, 5, 7, 8, 10, 11, 14, 22, 36], "excluded_lines": []}, "src/services/retranslator/app/retranslator_app_svc.py": {"executed_lines": [], "summary": {"covered_lines": 0, "num_statements": 149, "percent_covered": 0.0, "percent_covered_display": "0", "missing_lines": 149, "excluded_lines": 0}, "missing_lines": [1, 2, 3, 4, 5, 6, 7, 8, 9, 10, 11, 13, 14, 15, 17, 26, 27, 31, 32, 35, 37, 38, 39, 40, 41, 42, 43, 44, 45, 46, 48, 49, 50, 51, 52, 53, 54, 55, 56, 57, 58, 59, 60, 61, 65, 66, 69, 70, 71, 73, 74, 75, 76, 77, 78, 79, 80, 81, 82, 83, 84, 86, 87, 88, 89, 90, 91, 92, 93, 94, 95, 96, 97, 98, 100, 101, 105, 106, 110, 111, 112, 113, 117, 119, 121, 123, 124, 125, 126, 127, 128, 129, 131, 132, 136, 138, 139, 141, 143, 145, 146, 147, 148, 150, 151, 152, 153, 154, 155, 156, 157, 158, 160, 162, 163, 164, 165, 166, 167, 168, 170, 171, 172, 173, 174, 176, 177, 178, 179, 180, 181, 182, 184, 185, 186, 187, 188, 189, 191, 192, 193, 194, 195, 196, 198, 199, 200, 202, 204], "excluded_lines": []}, "src/services/retranslator/app/scheduler_conf.py": {"executed_lines": [], "summary": {"covered_lines": 0, "num_statements": 3, "percent_covered": 0.0, "percent_covered_display": "0", "missing_lines": 3, "excluded_lines": 0}, "missing_lines": [1, 3, 7], "excluded_lines": []}, "src/services/schedules/__init__.py": {"executed_lines": [], "summary": {"covered_lines": 0, "num_statements": 0, "percent_covered": 100.0, "percent_covered_display": "100", "missing_lines": 0, "excluded_lines": 0}, "missing_lines": [], "excluded_lines": []}, "src/services/schedules/api_crud/__init__.py": {"executed_lines": [], "summary": {"covered_lines": 0, "num_statements": 0, "percent_covered": 100.0, "percent_covered_display": "100", "missing_lines": 0, "excluded_lines": 0}, "missing_lines": [], "excluded_lines": []}, "src/services/schedules/api_crud/schedules_api_crud_settings.py": {"executed_lines": [], "summary": {"covered_lines": 0, "num_statements": 4, "percent_covered": 0.0, "percent_covered_display": "0", "missing_lines": 4, "excluded_lines": 0}, "missing_lines": [1, 3, 5, 7], "excluded_lines": []}, "src/services/schedules/api_crud/schedules_api_crud_svc.py": {"executed_lines": [], "summary": {"covered_lines": 0, "num_statements": 161, "percent_covered": 0.0, "percent_covered_display": "0", "missing_lines": 161, "excluded_lines": 0}, "missing_lines": [5, 6, 7, 8, 9, 10, 12, 14, 16, 17, 18, 20, 21, 22, 32, 33, 34, 40, 41, 42, 43, 44, 45, 46, 47, 49, 50, 51, 52, 54, 55, 56, 57, 58, 60, 61, 62, 63, 64, 65, 66, 67, 69, 70, 72, 74, 75, 76, 86, 87, 88, 90, 91, 97, 98, 99, 100, 101, 102, 103, 104, 106, 107, 108, 109, 111, 112, 113, 114, 115, 117, 118, 119, 120, 121, 122, 123, 124, 126, 127, 129, 131, 132, 139, 140, 141, 142, 144, 145, 149, 150, 152, 153, 155, 156, 157, 159, 160, 161, 163, 164, 165, 166, 169, 170, 172, 178, 179, 181, 182, 184, 185, 187, 189, 191, 193, 194, 219, 220, 222, 223, 224, 225, 226, 227, 228, 229, 231, 232, 233, 235, 236, 248, 249, 251, 257, 258, 259, 260, 261, 262, 263, 264, 266, 267, 269, 270, 271, 272, 273, 274, 275, 276, 277, 279, 280, 281, 283, 284, 285, 287], "excluded_lines": []}, "src/services/schedules/app/__init__.py": {"executed_lines": [], "summary": {"covered_lines": 0, "num_statements": 0, "percent_covered": 100.0, "percent_covered_display": "100", "missing_lines": 0, "excluded_lines": 0}, "missing_lines": [], "excluded_lines": []}, "src/services/schedules/app/schedules_app_settings.py": {"executed_lines": [], "summary": {"covered_lines": 0, "num_statements": 4, "percent_covered": 0.0, "percent_covered_display": "0", "missing_lines": 4, "excluded_lines": 0}, "missing_lines": [1, 3, 5, 8], "excluded_lines": []}, "src/services/schedules/app/schedules_app_svc.py": {"executed_lines": [], "summary": {"covered_lines": 0, "num_statements": 87, "percent_covered": 0.0, "percent_covered_display": "0", "missing_lines": 87, "excluded_lines": 0}, "missing_lines": [1, 2, 4, 5, 7, 9, 10, 11, 13, 15, 16, 18, 20, 31, 35, 36, 37, 38, 40, 41, 42, 43, 45, 46, 47, 48, 49, 51, 52, 54, 56, 57, 58, 59, 60, 61, 63, 64, 65, 66, 68, 69, 73, 74, 79, 80, 83, 85, 87, 88, 89, 90, 98, 99, 107, 108, 116, 117, 126, 128, 129, 130, 132, 133, 135, 143, 144, 145, 146, 147, 149, 150, 151, 152, 153, 155, 156, 157, 158, 159, 162, 164, 165, 167, 168, 170, 172], "excluded_lines": []}, "src/services/schedules/model_crud/__init__.py": {"executed_lines": [], "summary": {"covered_lines": 0, "num_statements": 0, "percent_covered": 100.0, "percent_covered_display": "100", "missing_lines": 0, "excluded_lines": 0}, "missing_lines": [], "excluded_lines": []}, "src/services/schedules/model_crud/schedules_model_crud_settings.py": {"executed_lines": [], "summary": {"covered_lines": 0, "num_statements": 4, "percent_covered": 0.0, "percent_covered_display": "0", "missing_lines": 4, "excluded_lines": 0}, "missing_lines": [1, 3, 5, 7], "excluded_lines": []}, "src/services/schedules/model_crud/schedules_model_crud_svc.py": {"executed_lines": [], "summary": {"covered_lines": 0, "num_statements": 10, "percent_covered": 0.0, "percent_covered_display": "0", "missing_lines": 10, "excluded_lines": 0}, "missing_lines": [1, 2, 4, 6, 7, 9, 20, 21, 23, 25], "excluded_lines": []}, "src/services/tags/__init__.py": {"executed_lines": [0], "summary": {"covered_lines": 0, "num_statements": 0, "percent_covered": 100.0, "percent_covered_display": "100", "missing_lines": 0, "excluded_lines": 0}, "missing_lines": [], "excluded_lines": []}, "src/services/tags/api_crud/__init__.py": {"executed_lines": [], "summary": {"covered_lines": 0, "num_statements": 0, "percent_covered": 100.0, "percent_covered_display": "100", "missing_lines": 0, "excluded_lines": 0}, "missing_lines": [], "excluded_lines": []}, "src/services/tags/api_crud/tags_api_crud_settings.py": {"executed_lines": [], "summary": {"covered_lines": 0, "num_statements": 4, "percent_covered": 0.0, "percent_covered_display": "0", "missing_lines": 4, "excluded_lines": 0}, "missing_lines": [1, 3, 5, 7], "excluded_lines": []}, "src/services/tags/api_crud/tags_api_crud_svc.py": {"executed_lines": [], "summary": {"covered_lines": 0, "num_statements": 130, "percent_covered": 0.0, "percent_covered_display": "0", "missing_lines": 130, "excluded_lines": 0}, "missing_lines": [5, 6, 7, 8, 10, 12, 14, 15, 16, 18, 19, 27, 36, 41, 45, 55, 63, 71, 76, 77, 79, 80, 81, 82, 84, 85, 87, 88, 90, 91, 92, 93, 95, 96, 98, 99, 100, 102, 103, 104, 105, 107, 118, 119, 121, 122, 124, 125, 127, 128, 130, 132, 134, 136, 138, 139, 179, 180, 181, 182, 183, 184, 185, 186, 187, 188, 189, 190, 195, 200, 201, 202, 203, 204, 205, 206, 207, 208, 209, 211, 212, 213, 215, 216, 217, 218, 219, 220, 221, 222, 223, 224, 229, 234, 235, 237, 238, 292, 293, 295, 301, 302, 303, 304, 305, 306, 307, 308, 309, 310, 311, 312, 314, 315, 351, 352, 353, 354, 355, 356, 357, 359, 360, 361, 363, 364, 383, 384, 385, 387], "excluded_lines": []}, "src/services/tags/app/__init__.py": {"executed_lines": [0], "summary": {"covered_lines": 0, "num_statements": 0, "percent_covered": 100.0, "percent_covered_display": "100", "missing_lines": 0, "excluded_lines": 0}, "missing_lines": [], "excluded_lines": []}, "src/services/tags/app/tags_app_settings.py": {"executed_lines": [], "summary": {"covered_lines": 0, "num_statements": 4, "percent_covered": 0.0, "percent_covered_display": "0", "missing_lines": 4, "excluded_lines": 0}, "missing_lines": [1, 3, 5, 7], "excluded_lines": []}, "src/services/tags/app/tags_app_svc.py": {"executed_lines": [1, 5, 6, 8, 9, 13, 15, 16, 17, 18, 19, 20, 21, 26, 27, 33, 37, 74, 99, 100, 101, 103, 105, 107, 108, 109, 110, 113, 114, 115, 121, 122, 123, 125, 132, 133, 134, 135, 148, 150, 151, 158, 159, 160, 162, 163, 164, 165, 166, 167, 169, 170, 172, 174, 175, 183, 187, 188, 189, 190, 191, 192, 196, 197, 198, 199, 201, 206, 207, 208, 209, 211, 214, 215, 218, 220, 224, 225, 227, 228, 229, 230, 231, 232, 233, 234, 235, 236, 238, 241, 244, 246, 247, 248, 249, 254, 259, 260, 264, 265, 266, 267, 268, 270, 274, 301, 302, 304, 305, 307, 311, 314, 316, 318], "summary": {"covered_lines": 112, "num_statements": 186, "percent_covered": 60.215053763440864, "percent_covered_display": "60", "missing_lines": 74, "excluded_lines": 0}, "missing_lines": [10, 11, 34, 35, 39, 41, 42, 43, 46, 48, 49, 50, 51, 52, 53, 54, 56, 58, 59, 60, 61, 67, 68, 70, 72, 79, 80, 81, 82, 84, 86, 87, 89, 90, 92, 94, 95, 97, 102, 111, 112, 126, 130, 141, 142, 143, 144, 147, 149, 176, 177, 181, 182, 184, 185, 194, 242, 243, 245, 271, 272, 275, 277, 283, 284, 286, 287, 288, 295, 296, 299, 310, 312, 319], "excluded_lines": []}, "src/services/tags/app_api/__init__.py": {"executed_lines": [0], "summary": {"covered_lines": 0, "num_statements": 0, "percent_covered": 100.0, "percent_covered_display": "100", "missing_lines": 0, "excluded_lines": 0}, "missing_lines": [], "excluded_lines": []}, "src/services/tags/app_api/tags_app_api_settings.py": {"executed_lines": [1, 3, 5, 7], "summary": {"covered_lines": 4, "num_statements": 4, "percent_covered": 100.0, "percent_covered_display": "100", "missing_lines": 0, "excluded_lines": 0}, "missing_lines": [], "excluded_lines": []}, "src/services/tags/app_api/tags_app_api_svc.py": {"executed_lines": [1, 7, 8, 9, 10, 11, 16, 17, 19, 21, 22, 23, 24, 25, 26, 28, 29, 30, 31, 33, 34, 35, 36, 39, 41, 43, 46, 47, 52, 53, 54, 55, 56, 58, 60, 63, 66, 68, 71, 75, 79, 83, 87, 91, 95, 99, 103, 107, 112, 113, 114, 115, 118, 120, 121, 122, 124, 125, 134, 135, 136, 137, 138, 150, 151, 152, 153, 155, 156, 157, 158, 159, 163, 179, 182, 184, 185, 186, 187, 188, 190, 191, 194, 196, 197, 198, 199, 200, 201, 204, 205, 215, 216, 218, 219, 224, 225, 226, 229, 230, 236, 240, 243, 246, 247, 248, 271, 301, 303, 305, 307, 308, 415, 416, 443, 484], "summary": {"covered_lines": 114, "num_statements": 201, "percent_covered": 56.71641791044776, "percent_covered_display": "57", "missing_lines": 87, "excluded_lines": 0}, "missing_lines": [37, 116, 126, 127, 140, 141, 142, 143, 160, 189, 227, 241, 242, 244, 250, 254, 255, 259, 260, 265, 267, 269, 273, 274, 275, 276, 278, 279, 280, 281, 282, 283, 285, 286, 291, 293, 294, 295, 296, 297, 298, 299, 365, 366, 367, 368, 369, 370, 371, 372, 373, 375, 376, 377, 378, 379, 380, 381, 382, 383, 385, 390, 391, 392, 393, 394, 395, 396, 397, 398, 399, 400, 401, 402, 403, 405, 406, 407, 408, 409, 410, 411, 412, 413, 439, 440, 441], "excluded_lines": []}, "src/services/tags/datafunc_app/__init__.py": {"executed_lines": [], "summary": {"covered_lines": 0, "num_statements": 0, "percent_covered": 100.0, "percent_covered_display": "100", "missing_lines": 0, "excluded_lines": 0}, "missing_lines": [], "excluded_lines": []}, "src/services/tags/datafunc_app/datafunc_app_settings.py": {"executed_lines": [], "summary": {"covered_lines": 0, "num_statements": 4, "percent_covered": 0.0, "percent_covered_display": "0", "missing_lines": 4, "excluded_lines": 0}, "missing_lines": [1, 4, 6, 8], "excluded_lines": []}, "src/services/tags/datafunc_app/datafunc_app_svc.py": {"executed_lines": [], "summary": {"covered_lines": 0, "num_statements": 179, "percent_covered": 0.0, "percent_covered_display": "0", "missing_lines": 179, "excluded_lines": 0}, "missing_lines": [1, 2, 3, 4, 5, 7, 8, 10, 12, 13, 14, 15, 18, 19, 20, 21, 22, 23, 24, 25, 26, 27, 28, 29, 30, 33, 34, 35, 36, 37, 38, 41, 42, 43, 44, 45, 46, 47, 48, 51, 52, 53, 54, 55, 56, 57, 58, 59, 60, 63, 64, 65, 68, 71, 72, 73, 75, 76, 77, 78, 79, 80, 81, 83, 84, 85, 86, 87, 88, 89, 90, 91, 92, 93, 95, 96, 97, 98, 99, 100, 102, 105, 106, 112, 115, 118, 119, 120, 122, 124, 125, 127, 128, 130, 131, 132, 133, 134, 135, 137, 138, 139, 141, 146, 147, 148, 149, 150, 151, 153, 155, 156, 157, 158, 159, 160, 163, 164, 165, 166, 168, 169, 170, 172, 173, 174, 178, 179, 180, 181, 182, 183, 184, 185, 186, 187, 188, 189, 191, 192, 193, 195, 196, 197, 198, 199, 200, 201, 202, 204, 205, 206, 207, 208, 209, 210, 211, 213, 214, 215, 218, 219, 220, 221, 222, 224, 225, 226, 227, 228, 230, 231, 233, 234, 235, 237, 239, 242, 243], "excluded_lines": []}, "src/services/tags/model_crud/__init__.py": {"executed_lines": [], "summary": {"covered_lines": 0, "num_statements": 0, "percent_covered": 100.0, "percent_covered_display": "100", "missing_lines": 0, "excluded_lines": 0}, "missing_lines": [], "excluded_lines": []}, "src/services/tags/model_crud/tags_model_crud_settings.py": {"executed_lines": [], "summary": {"covered_lines": 0, "num_statements": 4, "percent_covered": 0.0, "percent_covered_display": "0", "missing_lines": 4, "excluded_lines": 0}, "missing_lines": [1, 3, 5, 7], "excluded_lines": []}, "src/services/tags/model_crud/tags_model_crud_svc.py": {"executed_lines": [], "summary": {"covered_lines": 0, "num_statements": 23, "percent_covered": 0.0, "percent_covered_display": "0", "missing_lines": 23, "excluded_lines": 0}, "missing_lines": [1, 3, 5, 6, 7, 9, 20, 21, 23, 24, 25, 27, 28, 29, 30, 31, 32, 33, 34, 35, 36, 45, 47], "excluded_lines": []}}, "totals": {"covered_lines": 2482, "num_statements": 9355, "percent_covered": 26.531266702298236, "percent_covered_display": "27", "missing_lines": 6873, "excluded_lines": 0}}